<?xml version="1.0" encoding="UTF-8"?>
<coverage generated="1783400899700" clover="3.2.0">
  <project timestamp="1783400899700" name="All files">
    <metrics statements="677" coveredstatements="543" conditionals="738" coveredconditionals="475" methods="107" coveredmethods="79" elements="1522" coveredelements="1097" complexity="0" loc="677" ncloc="677" packages="3" files="9" classes="9"/>
    <package name="integrations">
      <metrics statements="261" coveredstatements="194" conditionals="161" coveredconditionals="84" methods="41" coveredmethods="27"/>
      <file name="mock-data-provider.ts" path="D:\learning\test\cnma_approval\srv\lib\integrations\mock-data-provider.ts">
        <metrics statements="33" coveredstatements="19" conditionals="34" coveredconditionals="9" methods="11" coveredmethods="5"/>
        <line num="2" count="1" type="stmt"/>
        <line num="3" count="1" type="stmt"/>
        <line num="4" count="1" type="stmt"/>
        <line num="7" count="1" type="stmt"/>
        <line num="8" count="1" type="cond" truecount="1" falsecount="1"/>
        <line num="9" count="1" type="stmt"/>
        <line num="11" count="1" type="stmt"/>
        <line num="20" count="1" type="stmt"/>
        <line num="21" count="1" type="cond" truecount="1" falsecount="1"/>
        <line num="22" count="1" type="stmt"/>
        <line num="24" count="1" type="stmt"/>
        <line num="25" count="1" type="stmt"/>
        <line num="33" count="1" type="stmt"/>
        <line num="41" count="0" type="stmt"/>
        <line num="42" count="0" type="cond" truecount="0" falsecount="2"/>
        <line num="46" count="2" type="stmt"/>
        <line num="47" count="2" type="cond" truecount="2" falsecount="0"/>
        <line num="51" count="2" type="stmt"/>
        <line num="52" count="2" type="cond" truecount="2" falsecount="0"/>
        <line num="56" count="0" type="stmt"/>
        <line num="142" count="0" type="cond" truecount="0" falsecount="2"/>
        <line num="143" count="0" type="cond" truecount="0" falsecount="2"/>
        <line num="144" count="0" type="stmt"/>
        <line num="146" count="0" type="stmt"/>
        <line num="148" count="0" type="stmt"/>
        <line num="152" count="0" type="stmt"/>
        <line num="211" count="0" type="stmt"/>
        <line num="212" count="0" type="cond" truecount="0" falsecount="2"/>
        <line num="213" count="0" type="cond" truecount="0" falsecount="2"/>
        <line num="215" count="0" type="stmt"/>
        <line num="232" count="2" type="cond" truecount="1" falsecount="1"/>
        <line num="233" count="2" type="stmt"/>
        <line num="311" count="0" type="stmt"/>
      </file>
      <file name="object-detail-adapter.ts" path="D:\learning\test\cnma_approval\srv\lib\integrations\object-detail-adapter.ts">
        <metrics statements="228" coveredstatements="175" conditionals="127" coveredconditionals="75" methods="30" coveredmethods="22"/>
        <line num="13" count="1" type="stmt"/>
        <line num="16" count="24" type="stmt"/>
        <line num="17" count="24" type="stmt"/>
        <line num="18" count="24" type="stmt"/>
        <line num="24" count="9" type="stmt"/>
        <line num="25" count="9" type="stmt"/>
        <line num="27" count="9" type="stmt"/>
        <line num="30" count="81" type="cond" truecount="4" falsecount="0"/>
        <line num="31" count="68" type="stmt"/>
        <line num="33" count="13" type="cond" truecount="2" falsecount="0"/>
        <line num="34" count="4" type="stmt"/>
        <line num="36" count="10" type="stmt"/>
        <line num="37" count="10" type="stmt"/>
        <line num="38" count="68" type="stmt"/>
        <line num="39" count="68" type="stmt"/>
        <line num="40" count="68" type="stmt"/>
        <line num="42" count="10" type="stmt"/>
        <line num="50" count="2" type="stmt"/>
        <line num="51" count="2" type="stmt"/>
        <line num="52" count="2" type="stmt"/>
        <line num="54" count="2" type="stmt"/>
        <line num="55" count="3" type="stmt"/>
        <line num="56" count="3" type="cond" truecount="1" falsecount="1"/>
        <line num="57" count="0" type="stmt"/>
        <line num="59" count="3" type="stmt"/>
        <line num="63" count="2" type="cond" truecount="1" falsecount="1"/>
        <line num="64" count="0" type="stmt"/>
        <line num="67" count="2" type="cond" truecount="2" falsecount="0"/>
        <line num="68" count="1" type="stmt"/>
        <line num="69" count="1" type="stmt"/>
        <line num="70" count="1" type="stmt"/>
        <line num="76" count="1" type="stmt"/>
        <line num="77" count="1" type="stmt"/>
        <line num="79" count="1" type="stmt"/>
        <line num="82" count="2" type="stmt"/>
        <line num="83" count="2" type="stmt"/>
        <line num="85" count="1" type="cond" truecount="1" falsecount="1"/>
        <line num="86" count="1" type="stmt"/>
        <line num="87" count="1" type="stmt"/>
        <line num="88" count="1" type="stmt"/>
        <line num="89" count="1" type="stmt"/>
        <line num="95" count="1" type="stmt"/>
        <line num="96" count="1" type="stmt"/>
        <line num="97" count="1" type="stmt"/>
        <line num="98" count="1" type="stmt"/>
        <line num="99" count="1" type="stmt"/>
        <line num="101" count="1" type="stmt"/>
        <line num="102" count="1" type="stmt"/>
        <line num="104" count="1" type="cond" truecount="3" falsecount="1"/>
        <line num="105" count="1" type="cond" truecount="2" falsecount="0"/>
        <line num="106" count="1" type="cond" truecount="1" falsecount="1"/>
        <line num="107" count="1" type="stmt"/>
        <line num="110" count="1" type="stmt"/>
        <line num="117" count="1" type="stmt"/>
        <line num="118" count="1" type="stmt"/>
        <line num="121" count="0" type="stmt"/>
        <line num="122" count="0" type="stmt"/>
        <line num="123" count="0" type="stmt"/>
        <line num="124" count="0" type="stmt"/>
        <line num="125" count="0" type="stmt"/>
        <line num="133" count="1" type="cond" truecount="1" falsecount="1"/>
        <line num="134" count="1" type="stmt"/>
        <line num="135" count="1" type="stmt"/>
        <line num="136" count="1" type="stmt"/>
        <line num="137" count="1" type="stmt"/>
        <line num="143" count="1" type="stmt"/>
        <line num="144" count="1" type="stmt"/>
        <line num="145" count="1" type="stmt"/>
        <line num="146" count="1" type="stmt"/>
        <line num="147" count="1" type="stmt"/>
        <line num="149" count="1" type="stmt"/>
        <line num="151" count="1" type="cond" truecount="3" falsecount="1"/>
        <line num="152" count="1" type="cond" truecount="2" falsecount="0"/>
        <line num="153" count="1" type="stmt"/>
        <line num="156" count="1" type="stmt"/>
        <line num="163" count="1" type="stmt"/>
        <line num="164" count="1" type="stmt"/>
        <line num="167" count="0" type="stmt"/>
        <line num="168" count="0" type="stmt"/>
        <line num="169" count="0" type="stmt"/>
        <line num="170" count="0" type="stmt"/>
        <line num="171" count="0" type="stmt"/>
        <line num="179" count="1" type="stmt"/>
        <line num="183" count="3" type="stmt"/>
        <line num="184" count="3" type="cond" truecount="1" falsecount="1"/>
        <line num="185" count="0" type="stmt"/>
        <line num="187" count="3" type="stmt"/>
        <line num="188" count="3" type="stmt"/>
        <line num="189" count="3" type="stmt"/>
        <line num="193" count="3" type="stmt"/>
        <line num="195" count="3" type="cond" truecount="2" falsecount="0"/>
        <line num="196" count="1" type="stmt"/>
        <line num="197" count="1" type="cond" truecount="1" falsecount="1"/>
        <line num="198" count="0" type="stmt"/>
        <line num="205" count="1" type="stmt"/>
        <line num="212" count="2" type="stmt"/>
        <line num="213" count="2" type="cond" truecount="3" falsecount="1"/>
        <line num="214" count="0" type="stmt"/>
        <line num="215" count="0" type="cond" truecount="0" falsecount="2"/>
        <line num="216" count="0" type="stmt"/>
        <line num="223" count="0" type="stmt"/>
        <line num="229" count="2" type="cond" truecount="2" falsecount="0"/>
        <line num="230" count="1" type="stmt"/>
        <line num="231" count="1" type="stmt"/>
        <line num="232" count="1" type="stmt"/>
        <line num="234" count="1" type="cond" truecount="1" falsecount="1"/>
        <line num="235" count="0" type="stmt"/>
        <line num="236" count="0" type="cond" truecount="0" falsecount="2"/>
        <line num="237" count="0" type="stmt"/>
        <line num="238" count="0" type="stmt"/>
        <line num="246" count="1" type="stmt"/>
        <line num="248" count="1" type="stmt"/>
        <line num="249" count="1" type="stmt"/>
        <line num="251" count="1" type="stmt"/>
        <line num="253" count="0" type="stmt"/>
        <line num="254" count="0" type="stmt"/>
        <line num="257" count="0" type="stmt"/>
        <line num="258" count="0" type="stmt"/>
        <line num="261" count="0" type="stmt"/>
        <line num="262" count="0" type="stmt"/>
        <line num="265" count="0" type="stmt"/>
        <line num="266" count="0" type="stmt"/>
        <line num="269" count="0" type="stmt"/>
        <line num="270" count="0" type="stmt"/>
        <line num="273" count="0" type="stmt"/>
        <line num="274" count="0" type="stmt"/>
        <line num="278" count="1" type="cond" truecount="1" falsecount="1"/>
        <line num="279" count="1" type="cond" truecount="1" falsecount="1"/>
        <line num="280" count="1" type="cond" truecount="1" falsecount="1"/>
        <line num="281" count="1" type="cond" truecount="1" falsecount="1"/>
        <line num="282" count="1" type="cond" truecount="1" falsecount="1"/>
        <line num="283" count="1" type="cond" truecount="1" falsecount="1"/>
        <line num="285" count="1" type="stmt"/>
        <line num="286" count="1" type="cond" truecount="1" falsecount="1"/>
        <line num="287" count="1" type="stmt"/>
        <line num="288" count="1" type="cond" truecount="1" falsecount="1"/>
        <line num="289" count="1" type="cond" truecount="1" falsecount="1"/>
        <line num="290" count="1" type="cond" truecount="1" falsecount="1"/>
        <line num="291" count="0" type="stmt"/>
        <line num="295" count="1" type="stmt"/>
        <line num="296" count="1" type="cond" truecount="1" falsecount="1"/>
        <line num="297" count="1" type="stmt"/>
        <line num="300" count="1" type="stmt"/>
        <line num="301" count="1" type="cond" truecount="1" falsecount="1"/>
        <line num="302" count="1" type="stmt"/>
        <line num="304" count="1" type="stmt"/>
        <line num="305" count="1" type="stmt"/>
        <line num="316" count="1" type="stmt"/>
        <line num="322" count="1" type="stmt"/>
        <line num="330" count="1" type="stmt"/>
        <line num="344" count="1" type="cond" truecount="1" falsecount="1"/>
        <line num="345" count="1" type="stmt"/>
        <line num="346" count="1" type="stmt"/>
        <line num="347" count="1" type="stmt"/>
        <line num="348" count="1" type="stmt"/>
        <line num="350" count="1" type="cond" truecount="1" falsecount="1"/>
        <line num="351" count="0" type="stmt"/>
        <line num="352" count="0" type="cond" truecount="0" falsecount="2"/>
        <line num="353" count="0" type="stmt"/>
        <line num="354" count="0" type="stmt"/>
        <line num="362" count="1" type="stmt"/>
        <line num="369" count="1" type="cond" truecount="1" falsecount="1"/>
        <line num="370" count="1" type="cond" truecount="1" falsecount="1"/>
        <line num="371" count="1" type="cond" truecount="1" falsecount="1"/>
        <line num="372" count="1" type="cond" truecount="1" falsecount="1"/>
        <line num="374" count="1" type="stmt"/>
        <line num="375" count="1" type="stmt"/>
        <line num="376" count="1" type="stmt"/>
        <line num="377" count="1" type="stmt"/>
        <line num="378" count="1" type="stmt"/>
        <line num="389" count="0" type="stmt"/>
        <line num="390" count="0" type="stmt"/>
        <line num="395" count="1" type="stmt"/>
        <line num="396" count="1" type="stmt"/>
        <line num="397" count="1" type="stmt"/>
        <line num="398" count="1" type="cond" truecount="1" falsecount="1"/>
        <line num="399" count="1" type="stmt"/>
        <line num="400" count="1" type="stmt"/>
        <line num="402" count="0" type="stmt"/>
        <line num="403" count="0" type="stmt"/>
        <line num="404" count="0" type="stmt"/>
        <line num="406" count="0" type="stmt"/>
        <line num="407" count="0" type="stmt"/>
        <line num="412" count="0" type="cond" truecount="0" falsecount="2"/>
        <line num="413" count="0" type="stmt"/>
        <line num="416" count="0" type="stmt"/>
        <line num="427" count="2" type="stmt"/>
        <line num="428" count="2" type="stmt"/>
        <line num="429" count="2" type="stmt"/>
        <line num="430" count="2" type="cond" truecount="2" falsecount="0"/>
        <line num="431" count="1" type="stmt"/>
        <line num="432" count="1" type="stmt"/>
        <line num="434" count="1" type="stmt"/>
        <line num="435" count="1" type="stmt"/>
        <line num="436" count="1" type="stmt"/>
        <line num="438" count="1" type="stmt"/>
        <line num="439" count="1" type="stmt"/>
        <line num="444" count="1" type="cond" truecount="1" falsecount="1"/>
        <line num="445" count="1" type="stmt"/>
        <line num="448" count="1" type="stmt"/>
        <line num="449" count="1" type="stmt"/>
        <line num="456" count="1" type="stmt"/>
        <line num="467" count="2" type="stmt"/>
        <line num="468" count="2" type="cond" truecount="1" falsecount="1"/>
        <line num="469" count="0" type="stmt"/>
        <line num="471" count="2" type="stmt"/>
        <line num="472" count="2" type="stmt"/>
        <line num="473" count="2" type="stmt"/>
        <line num="474" count="2" type="stmt"/>
        <line num="476" count="2" type="stmt"/>
        <line num="487" count="2" type="cond" truecount="1" falsecount="1"/>
        <line num="488" count="2" type="stmt"/>
        <line num="489" count="2" type="cond" truecount="3" falsecount="1"/>
        <line num="490" count="0" type="stmt"/>
        <line num="493" count="2" type="stmt"/>
        <line num="494" count="2" type="stmt"/>
        <line num="495" count="2" type="cond" truecount="1" falsecount="1"/>
        <line num="496" count="0" type="stmt"/>
        <line num="500" count="2" type="stmt"/>
        <line num="501" count="2" type="stmt"/>
        <line num="503" count="2" type="cond" truecount="4" falsecount="0"/>
        <line num="504" count="1" type="stmt"/>
        <line num="505" count="1" type="stmt"/>
        <line num="506" count="1" type="cond" truecount="3" falsecount="1"/>
        <line num="507" count="0" type="stmt"/>
        <line num="509" count="1" type="stmt"/>
        <line num="512" count="1" type="stmt"/>
        <line num="515" count="2" type="stmt"/>
      </file>
    </package>
    <package name="processors">
      <metrics statements="287" coveredstatements="223" conditionals="451" coveredconditionals="281" methods="38" coveredmethods="27"/>
      <file name="inbox-processor.ts" path="D:\learning\test\cnma_approval\srv\lib\processors\inbox-processor.ts">
        <metrics statements="240" coveredstatements="177" conditionals="387" coveredconditionals="224" methods="33" coveredmethods="22"/>
        <line num="10" count="5" type="stmt"/>
        <line num="20" count="5" type="cond" truecount="1" falsecount="2"/>
        <line num="24" count="7" type="cond" truecount="2" falsecount="0"/>
        <line num="25" count="5" type="stmt"/>
        <line num="26" count="5" type="cond" truecount="1" falsecount="1"/>
        <line num="27" count="0" type="stmt"/>
        <line num="29" count="5" type="stmt"/>
        <line num="30" count="5" type="stmt"/>
        <line num="32" count="0" type="stmt"/>
        <line num="37" count="6" type="stmt"/>
        <line num="38" count="6" type="stmt"/>
        <line num="39" count="6" type="stmt"/>
        <line num="40" count="6" type="stmt"/>
        <line num="43" count="2" type="stmt"/>
        <line num="44" count="2" type="stmt"/>
        <line num="45" count="2" type="stmt"/>
        <line num="46" count="2" type="cond" truecount="4" falsecount="0"/>
        <line num="47" count="1" type="stmt"/>
        <line num="50" count="1" type="stmt"/>
        <line num="53" count="1" type="stmt"/>
        <line num="54" count="1" type="cond" truecount="1" falsecount="1"/>
        <line num="55" count="2" type="cond" truecount="1" falsecount="1"/>
        <line num="56" count="2" type="stmt"/>
        <line num="58" count="2" type="cond" truecount="1" falsecount="1"/>
        <line num="59" count="0" type="stmt"/>
        <line num="62" count="1" type="stmt"/>
        <line num="65" count="1" type="stmt"/>
        <line num="66" count="2" type="stmt"/>
        <line num="68" count="2" type="stmt"/>
        <line num="69" count="3" type="cond" truecount="1" falsecount="1"/>
        <line num="70" count="3" type="cond" truecount="1" falsecount="1"/>
        <line num="71" count="3" type="stmt"/>
        <line num="73" count="2" type="cond" truecount="1" falsecount="2"/>
        <line num="74" count="2" type="stmt"/>
        <line num="77" count="1" type="stmt"/>
        <line num="79" count="1" type="stmt"/>
        <line num="80" count="2" type="stmt"/>
        <line num="81" count="3" type="cond" truecount="1" falsecount="1"/>
        <line num="82" count="3" type="cond" truecount="1" falsecount="1"/>
        <line num="83" count="3" type="stmt"/>
        <line num="85" count="2" type="cond" truecount="1" falsecount="2"/>
        <line num="87" count="2" type="stmt"/>
        <line num="88" count="2" type="stmt"/>
        <line num="89" count="2" type="cond" truecount="1" falsecount="1"/>
        <line num="90" count="2" type="stmt"/>
        <line num="91" count="2" type="cond" truecount="1" falsecount="1"/>
        <line num="92" count="2" type="stmt"/>
        <line num="94" count="0" type="stmt"/>
        <line num="96" count="2" type="stmt"/>
        <line num="99" count="0" type="stmt"/>
        <line num="102" count="2" type="stmt"/>
        <line num="109" count="2" type="cond" truecount="2" falsecount="1"/>
        <line num="110" count="2" type="cond" truecount="1" falsecount="1"/>
        <line num="111" count="2" type="stmt"/>
        <line num="112" count="2" type="stmt"/>
        <line num="114" count="2" type="stmt"/>
        <line num="139" count="1" type="stmt"/>
        <line num="141" count="0" type="stmt"/>
        <line num="142" count="0" type="stmt"/>
        <line num="147" count="1" type="stmt"/>
        <line num="148" count="1" type="stmt"/>
        <line num="149" count="1" type="stmt"/>
        <line num="150" count="1" type="cond" truecount="3" falsecount="1"/>
        <line num="151" count="0" type="stmt"/>
        <line num="154" count="1" type="stmt"/>
        <line num="157" count="1" type="stmt"/>
        <line num="158" count="1" type="cond" truecount="2" falsecount="0"/>
        <line num="159" count="1" type="cond" truecount="1" falsecount="1"/>
        <line num="160" count="1" type="stmt"/>
        <line num="162" count="1" type="cond" truecount="1" falsecount="1"/>
        <line num="163" count="0" type="stmt"/>
        <line num="167" count="1" type="stmt"/>
        <line num="168" count="2" type="stmt"/>
        <line num="169" count="2" type="stmt"/>
        <line num="171" count="1" type="stmt"/>
        <line num="173" count="1" type="stmt"/>
        <line num="176" count="1" type="stmt"/>
        <line num="177" count="2" type="stmt"/>
        <line num="179" count="2" type="stmt"/>
        <line num="180" count="0" type="cond" truecount="0" falsecount="2"/>
        <line num="181" count="0" type="cond" truecount="0" falsecount="2"/>
        <line num="182" count="0" type="stmt"/>
        <line num="184" count="2" type="cond" truecount="1" falsecount="2"/>
        <line num="185" count="2" type="stmt"/>
        <line num="188" count="1" type="stmt"/>
        <line num="190" count="1" type="stmt"/>
        <line num="191" count="2" type="stmt"/>
        <line num="192" count="0" type="cond" truecount="0" falsecount="2"/>
        <line num="193" count="0" type="cond" truecount="0" falsecount="2"/>
        <line num="194" count="0" type="stmt"/>
        <line num="196" count="2" type="cond" truecount="1" falsecount="2"/>
        <line num="198" count="2" type="stmt"/>
        <line num="199" count="2" type="stmt"/>
        <line num="200" count="2" type="cond" truecount="1" falsecount="1"/>
        <line num="201" count="2" type="stmt"/>
        <line num="202" count="2" type="cond" truecount="1" falsecount="1"/>
        <line num="203" count="0" type="stmt"/>
        <line num="205" count="2" type="stmt"/>
        <line num="207" count="2" type="stmt"/>
        <line num="210" count="0" type="stmt"/>
        <line num="213" count="2" type="stmt"/>
        <line num="220" count="2" type="cond" truecount="3" falsecount="0"/>
        <line num="221" count="2" type="cond" truecount="2" falsecount="0"/>
        <line num="222" count="2" type="stmt"/>
        <line num="223" count="2" type="stmt"/>
        <line num="225" count="2" type="stmt"/>
        <line num="250" count="1" type="stmt"/>
        <line num="252" count="0" type="stmt"/>
        <line num="253" count="0" type="stmt"/>
        <line num="268" count="1" type="stmt"/>
        <line num="269" count="1" type="stmt"/>
        <line num="270" count="1" type="stmt"/>
        <line num="272" count="1" type="stmt"/>
        <line num="273" count="1" type="cond" truecount="2" falsecount="2"/>
        <line num="274" count="0" type="stmt"/>
        <line num="276" count="1" type="cond" truecount="2" falsecount="1"/>
        <line num="277" count="1" type="cond" truecount="1" falsecount="1"/>
        <line num="280" count="1" type="cond" truecount="1" falsecount="1"/>
        <line num="281" count="1" type="cond" truecount="1" falsecount="1"/>
        <line num="282" count="0" type="cond" truecount="0" falsecount="2"/>
        <line num="285" count="1" type="cond" truecount="1" falsecount="1"/>
        <line num="287" count="1" type="stmt"/>
        <line num="288" count="1" type="stmt"/>
        <line num="289" count="1" type="stmt"/>
        <line num="290" count="1" type="stmt"/>
        <line num="291" count="1" type="cond" truecount="1" falsecount="1"/>
        <line num="292" count="1" type="cond" truecount="1" falsecount="1"/>
        <line num="293" count="1" type="stmt"/>
        <line num="295" count="1" type="stmt"/>
        <line num="297" count="0" type="stmt"/>
        <line num="299" count="1" type="cond" truecount="1" falsecount="1"/>
        <line num="300" count="1" type="stmt"/>
        <line num="303" count="1" type="cond" truecount="1" falsecount="1"/>
        <line num="304" count="3" type="stmt"/>
        <line num="306" count="2" type="stmt"/>
        <line num="307" count="2" type="cond" truecount="2" falsecount="0"/>
        <line num="308" count="1" type="stmt"/>
        <line num="309" count="1" type="cond" truecount="1" falsecount="1"/>
        <line num="310" count="1" type="stmt"/>
        <line num="313" count="2" type="stmt"/>
        <line num="329" count="1" type="stmt"/>
        <line num="336" count="1" type="cond" truecount="1" falsecount="1"/>
        <line num="344" count="1" type="cond" truecount="1" falsecount="1"/>
        <line num="345" count="1" type="cond" truecount="1" falsecount="1"/>
        <line num="346" count="1" type="stmt"/>
        <line num="359" count="1" type="stmt"/>
        <line num="361" count="1" type="stmt"/>
        <line num="396" count="0" type="stmt"/>
        <line num="397" count="0" type="stmt"/>
        <line num="410" count="2" type="stmt"/>
        <line num="411" count="2" type="stmt"/>
        <line num="413" count="2" type="cond" truecount="6" falsecount="0"/>
        <line num="414" count="1" type="stmt"/>
        <line num="415" count="1" type="stmt"/>
        <line num="416" count="1" type="stmt"/>
        <line num="418" count="0" type="stmt"/>
        <line num="422" count="2" type="stmt"/>
        <line num="424" count="0" type="stmt"/>
        <line num="425" count="0" type="stmt"/>
        <line num="430" count="0" type="stmt"/>
        <line num="431" count="0" type="stmt"/>
        <line num="432" count="0" type="stmt"/>
        <line num="433" count="0" type="cond" truecount="0" falsecount="2"/>
        <line num="441" count="0" type="stmt"/>
        <line num="448" count="0" type="stmt"/>
        <line num="449" count="0" type="stmt"/>
        <line num="454" count="1" type="stmt"/>
        <line num="455" count="1" type="stmt"/>
        <line num="456" count="1" type="stmt"/>
        <line num="458" count="0" type="stmt"/>
        <line num="459" count="0" type="stmt"/>
        <line num="464" count="0" type="stmt"/>
        <line num="465" count="0" type="stmt"/>
        <line num="466" count="0" type="stmt"/>
        <line num="468" count="0" type="stmt"/>
        <line num="469" count="0" type="stmt"/>
        <line num="474" count="0" type="stmt"/>
        <line num="475" count="0" type="stmt"/>
        <line num="476" count="0" type="stmt"/>
        <line num="478" count="0" type="stmt"/>
        <line num="479" count="0" type="stmt"/>
        <line num="484" count="0" type="stmt"/>
        <line num="485" count="0" type="stmt"/>
        <line num="486" count="0" type="stmt"/>
        <line num="487" count="0" type="cond" truecount="0" falsecount="2"/>
        <line num="489" count="0" type="stmt"/>
        <line num="490" count="0" type="stmt"/>
        <line num="496" count="5" type="cond" truecount="4" falsecount="0"/>
        <line num="499" count="3" type="cond" truecount="2" falsecount="0"/>
        <line num="500" count="2" type="cond" truecount="2" falsecount="0"/>
        <line num="501" count="2" type="cond" truecount="2" falsecount="0"/>
        <line num="502" count="2" type="cond" truecount="3" falsecount="1"/>
        <line num="503" count="2" type="stmt"/>
        <line num="505" count="2" type="cond" truecount="3" falsecount="1"/>
        <line num="506" count="2" type="stmt"/>
        <line num="508" count="2" type="cond" truecount="2" falsecount="2"/>
        <line num="509" count="0" type="stmt"/>
        <line num="511" count="2" type="cond" truecount="2" falsecount="2"/>
        <line num="512" count="0" type="stmt"/>
        <line num="514" count="1" type="cond" truecount="1" falsecount="1"/>
        <line num="515" count="1" type="cond" truecount="2" falsecount="0"/>
        <line num="516" count="1" type="cond" truecount="2" falsecount="0"/>
        <line num="517" count="1" type="cond" truecount="3" falsecount="1"/>
        <line num="518" count="1" type="stmt"/>
        <line num="520" count="1" type="cond" truecount="3" falsecount="1"/>
        <line num="521" count="1" type="stmt"/>
        <line num="523" count="1" type="cond" truecount="2" falsecount="2"/>
        <line num="524" count="0" type="stmt"/>
        <line num="526" count="1" type="cond" truecount="2" falsecount="2"/>
        <line num="527" count="0" type="stmt"/>
        <line num="532" count="3" type="cond" truecount="1" falsecount="1"/>
        <line num="533" count="3" type="cond" truecount="1" falsecount="2"/>
        <line num="534" count="3" type="cond" truecount="1" falsecount="2"/>
        <line num="538" count="3" type="cond" truecount="2" falsecount="0"/>
        <line num="539" count="2" type="stmt"/>
        <line num="540" count="2" type="stmt"/>
        <line num="541" count="2" type="cond" truecount="6" falsecount="2"/>
        <line num="543" count="2" type="stmt"/>
        <line num="544" count="2" type="stmt"/>
        <line num="547" count="2" type="cond" truecount="2" falsecount="0"/>
        <line num="548" count="1" type="stmt"/>
        <line num="549" count="0" type="cond" truecount="0" falsecount="7"/>
        <line num="552" count="1" type="cond" truecount="1" falsecount="1"/>
        <line num="553" count="1" type="stmt"/>
        <line num="554" count="1" type="stmt"/>
        <line num="555" count="1" type="cond" truecount="5" falsecount="3"/>
        <line num="557" count="1" type="stmt"/>
        <line num="558" count="1" type="stmt"/>
        <line num="559" count="1" type="cond" truecount="5" falsecount="2"/>
        <line num="561" count="1" type="stmt"/>
        <line num="562" count="1" type="stmt"/>
        <line num="563" count="1" type="cond" truecount="5" falsecount="2"/>
        <line num="566" count="1" type="cond" truecount="1" falsecount="1"/>
        <line num="567" count="0" type="stmt"/>
        <line num="568" count="0" type="cond" truecount="0" falsecount="7"/>
        <line num="573" count="1" type="cond" truecount="1" falsecount="1"/>
        <line num="574" count="0" type="stmt"/>
        <line num="575" count="0" type="cond" truecount="0" falsecount="7"/>
        <line num="576" count="0" type="cond" truecount="0" falsecount="7"/>
        <line num="577" count="0" type="cond" truecount="0" falsecount="7"/>
      </file>
      <file name="object-config.ts" path="D:\learning\test\cnma_approval\srv\lib\processors\object-config.ts">
        <metrics statements="35" coveredstatements="34" conditionals="45" coveredconditionals="38" methods="4" coveredmethods="4"/>
        <line num="79" count="2" type="stmt"/>
        <line num="318" count="2" type="stmt"/>
        <line num="599" count="2" type="stmt"/>
        <line num="609" count="2" type="stmt"/>
        <line num="620" count="3" type="stmt"/>
        <line num="639" count="2" type="stmt"/>
        <line num="663" count="2" type="stmt"/>
        <line num="672" count="8" type="cond" truecount="1" falsecount="1"/>
        <line num="673" count="8" type="stmt"/>
        <line num="675" count="8" type="stmt"/>
        <line num="676" count="8" type="cond" truecount="2" falsecount="0"/>
        <line num="677" count="2" type="cond" truecount="2" falsecount="0"/>
        <line num="679" count="6" type="stmt"/>
        <line num="683" count="27" type="cond" truecount="5" falsecount="0"/>
        <line num="684" count="24" type="cond" truecount="2" falsecount="0"/>
        <line num="685" count="23" type="cond" truecount="3" falsecount="1"/>
        <line num="686" count="27" type="cond" truecount="1" falsecount="1"/>
        <line num="688" count="23" type="stmt"/>
        <line num="689" count="23" type="stmt"/>
        <line num="690" count="23" type="stmt"/>
        <line num="691" count="48" type="cond" truecount="4" falsecount="0"/>
        <line num="692" count="47" type="cond" truecount="1" falsecount="1"/>
        <line num="693" count="47" type="stmt"/>
        <line num="695" count="0" type="stmt"/>
        <line num="698" count="22" type="stmt"/>
        <line num="702" count="9" type="cond" truecount="4" falsecount="0"/>
        <line num="703" count="5" type="stmt"/>
        <line num="705" count="5" type="stmt"/>
        <line num="706" count="16" type="stmt"/>
        <line num="707" count="16" type="cond" truecount="5" falsecount="0"/>
        <line num="709" count="13" type="stmt"/>
        <line num="716" count="13" type="cond" truecount="2" falsecount="0"/>
        <line num="717" count="4" type="cond" truecount="2" falsecount="1"/>
        <line num="720" count="13" type="stmt"/>
        <line num="723" count="5" type="stmt"/>
      </file>
      <file name="odata-config.ts" path="D:\learning\test\cnma_approval\srv\lib\processors\odata-config.ts">
        <metrics statements="12" coveredstatements="12" conditionals="19" coveredconditionals="19" methods="1" coveredmethods="1"/>
        <line num="3" count="3" type="stmt"/>
        <line num="20" count="23" type="stmt"/>
        <line num="21" count="23" type="cond" truecount="2" falsecount="0"/>
        <line num="22" count="14" type="stmt"/>
        <line num="26" count="9" type="cond" truecount="5" falsecount="0"/>
        <line num="27" count="3" type="stmt"/>
        <line num="29" count="6" type="cond" truecount="4" falsecount="0"/>
        <line num="30" count="2" type="stmt"/>
        <line num="32" count="4" type="cond" truecount="4" falsecount="0"/>
        <line num="33" count="2" type="stmt"/>
        <line num="37" count="2" type="stmt"/>
        <line num="40" count="3" type="stmt"/>
      </file>
    </package>
    <package name="utils">
      <metrics statements="129" coveredstatements="126" conditionals="126" coveredconditionals="110" methods="28" coveredmethods="25"/>
      <file name="auth-helper.ts" path="D:\learning\test\cnma_approval\srv\lib\utils\auth-helper.ts">
        <metrics statements="78" coveredstatements="78" conditionals="93" coveredconditionals="79" methods="13" coveredmethods="13"/>
        <line num="10" count="1" type="stmt"/>
        <line num="11" count="14" type="stmt"/>
        <line num="12" count="14" type="cond" truecount="4" falsecount="0"/>
        <line num="13" count="3" type="stmt"/>
        <line num="14" count="3" type="cond" truecount="1" falsecount="1"/>
        <line num="17" count="11" type="stmt"/>
        <line num="18" count="11" type="cond" truecount="4" falsecount="0"/>
        <line num="19" count="1" type="stmt"/>
        <line num="20" count="1" type="cond" truecount="1" falsecount="1"/>
        <line num="22" count="10" type="cond" truecount="2" falsecount="0"/>
        <line num="23" count="2" type="cond" truecount="2" falsecount="0"/>
        <line num="24" count="1" type="cond" truecount="1" falsecount="1"/>
        <line num="25" count="1" type="stmt"/>
        <line num="26" count="1" type="cond" truecount="1" falsecount="1"/>
        <line num="30" count="9" type="stmt"/>
        <line num="31" count="9" type="cond" truecount="4" falsecount="0"/>
        <line num="32" count="1" type="stmt"/>
        <line num="35" count="8" type="stmt"/>
        <line num="36" count="8" type="cond" truecount="4" falsecount="0"/>
        <line num="37" count="1" type="stmt"/>
        <line num="40" count="7" type="stmt"/>
        <line num="41" count="7" type="cond" truecount="4" falsecount="0"/>
        <line num="42" count="1" type="stmt"/>
        <line num="44" count="6" type="cond" truecount="4" falsecount="0"/>
        <line num="45" count="1" type="stmt"/>
        <line num="48" count="5" type="stmt"/>
        <line num="51" count="1" type="stmt"/>
        <line num="52" count="8" type="stmt"/>
        <line num="53" count="8" type="stmt"/>
        <line num="54" count="8" type="stmt"/>
        <line num="57" count="1" type="stmt"/>
        <line num="58" count="5" type="stmt"/>
        <line num="59" count="5" type="cond" truecount="2" falsecount="0"/>
        <line num="60" count="4" type="stmt"/>
        <line num="61" count="4" type="stmt"/>
        <line num="62" count="4" type="stmt"/>
        <line num="63" count="4" type="stmt"/>
        <line num="64" count="4" type="cond" truecount="3" falsecount="1"/>
        <line num="66" count="1" type="stmt"/>
        <line num="70" count="1" type="stmt"/>
        <line num="71" count="26" type="stmt"/>
        <line num="72" count="26" type="cond" truecount="4" falsecount="0"/>
        <line num="75" count="1" type="stmt"/>
        <line num="76" count="7" type="stmt"/>
        <line num="77" count="7" type="cond" truecount="4" falsecount="0"/>
        <line num="78" count="4" type="stmt"/>
        <line num="81" count="1" type="stmt"/>
        <line num="82" count="2" type="stmt"/>
        <line num="83" count="2" type="stmt"/>
        <line num="84" count="2" type="stmt"/>
        <line num="85" count="2" type="stmt"/>
        <line num="86" count="2" type="stmt"/>
        <line num="101" count="1" type="stmt"/>
        <line num="102" count="2" type="cond" truecount="2" falsecount="0"/>
        <line num="103" count="1" type="stmt"/>
        <line num="106" count="1" type="stmt"/>
        <line num="107" count="5" type="cond" truecount="2" falsecount="0"/>
        <line num="108" count="3" type="cond" truecount="4" falsecount="0"/>
        <line num="109" count="1" type="stmt"/>
        <line num="112" count="1" type="stmt"/>
        <line num="113" count="6" type="stmt"/>
        <line num="114" count="6" type="stmt"/>
        <line num="116" count="6" type="stmt"/>
        <line num="119" count="6" type="stmt"/>
        <line num="120" count="6" type="cond" truecount="2" falsecount="0"/>
        <line num="121" count="2" type="cond" truecount="1" falsecount="3"/>
        <line num="122" count="4" type="cond" truecount="2" falsecount="0"/>
        <line num="124" count="2" type="stmt"/>
        <line num="125" count="2" type="cond" truecount="1" falsecount="1"/>
        <line num="126" count="2" type="cond" truecount="2" falsecount="0"/>
        <line num="127" count="2" type="cond" truecount="1" falsecount="1"/>
        <line num="128" count="2" type="stmt"/>
        <line num="129" count="2" type="cond" truecount="2" falsecount="2"/>
        <line num="133" count="2" type="cond" truecount="2" falsecount="0"/>
        <line num="136" count="6" type="stmt"/>
        <line num="139" count="1" type="stmt"/>
        <line num="140" count="1" type="stmt"/>
        <line num="143" count="1" type="stmt"/>
      </file>
      <file name="cache.ts" path="D:\learning\test\cnma_approval\srv\lib\utils\cache.ts">
        <metrics statements="32" coveredstatements="32" conditionals="18" coveredconditionals="17" methods="8" coveredmethods="8"/>
        <line num="11" count="11" type="stmt"/>
        <line num="14" count="11" type="cond" truecount="1" falsecount="0"/>
        <line num="15" count="11" type="cond" truecount="1" falsecount="0"/>
        <line num="22" count="17" type="stmt"/>
        <line num="23" count="17" type="cond" truecount="2" falsecount="0"/>
        <line num="25" count="11" type="cond" truecount="2" falsecount="0"/>
        <line num="26" count="1" type="stmt"/>
        <line num="27" count="1" type="stmt"/>
        <line num="31" count="10" type="stmt"/>
        <line num="32" count="10" type="stmt"/>
        <line num="33" count="10" type="stmt"/>
        <line num="40" count="27" type="cond" truecount="2" falsecount="0"/>
        <line num="41" count="1" type="stmt"/>
        <line num="42" count="26" type="cond" truecount="2" falsecount="0"/>
        <line num="44" count="3" type="stmt"/>
        <line num="45" count="3" type="cond" truecount="1" falsecount="1"/>
        <line num="46" count="3" type="stmt"/>
        <line num="50" count="27" type="stmt"/>
        <line num="60" count="8" type="stmt"/>
        <line num="61" count="8" type="cond" truecount="2" falsecount="0"/>
        <line num="63" count="2" type="cond" truecount="2" falsecount="0"/>
        <line num="64" count="1" type="stmt"/>
        <line num="65" count="1" type="stmt"/>
        <line num="67" count="1" type="stmt"/>
        <line num="74" count="50" type="stmt"/>
        <line num="81" count="1" type="stmt"/>
        <line num="88" count="3" type="stmt"/>
        <line num="89" count="3" type="stmt"/>
        <line num="93" count="3" type="stmt"/>
        <line num="94" count="3" type="stmt"/>
        <line num="95" count="4" type="cond" truecount="2" falsecount="0"/>
        <line num="96" count="2" type="stmt"/>
      </file>
      <file name="error-handler.ts" path="D:\learning\test\cnma_approval\srv\lib\utils\error-handler.ts">
        <metrics statements="14" coveredstatements="14" conditionals="15" coveredconditionals="14" methods="2" coveredmethods="2"/>
        <line num="6" count="7" type="stmt"/>
        <line num="7" count="7" type="stmt"/>
        <line num="8" count="7" type="stmt"/>
        <line num="9" count="7" type="stmt"/>
        <line num="14" count="5" type="cond" truecount="2" falsecount="0"/>
        <line num="16" count="3" type="stmt"/>
        <line num="17" count="3" type="stmt"/>
        <line num="18" count="3" type="cond" truecount="3" falsecount="0"/>
        <line num="20" count="3" type="cond" truecount="4" falsecount="0"/>
        <line num="21" count="2" type="stmt"/>
        <line num="23" count="1" type="stmt"/>
        <line num="26" count="2" type="cond" truecount="2" falsecount="0"/>
        <line num="28" count="1" type="stmt"/>
        <line num="31" count="1" type="cond" truecount="1" falsecount="1"/>
      </file>
      <file name="logger.ts" path="D:\learning\test\cnma_approval\srv\lib\utils\logger.ts">
        <metrics statements="5" coveredstatements="2" conditionals="0" coveredconditionals="0" methods="5" coveredmethods="2"/>
        <line num="7" count="6" type="stmt"/>
        <line num="11" count="8" type="stmt"/>
        <line num="15" count="0" type="stmt"/>
        <line num="19" count="0" type="stmt"/>
        <line num="23" count="0" type="stmt"/>
      </file>
    </package>
  </project>
</coverage>
