{"D:\\learning\\test\\cnma_approval\\srv\\lib\\integrations\\mock-data-provider.ts": {"path":"D:\\learning\\test\\cnma_approval\\srv\\lib\\integrations\\mock-data-provider.ts","statementMap":{"0":{"start":{"line":2,"column":49},"end":{"line":2,"column":null}},"1":{"start":{"line":3,"column":52},"end":{"line":3,"column":null}},"2":{"start":{"line":4,"column":108},"end":{"line":4,"column":null}},"3":{"start":{"line":7,"column":21},"end":{"line":7,"column":null}},"4":{"start":{"line":8,"column":4},"end":{"line":10,"column":null}},"5":{"start":{"line":9,"column":8},"end":{"line":9,"column":null}},"6":{"start":{"line":11,"column":4},"end":{"line":16,"column":null}},"7":{"start":{"line":20,"column":21},"end":{"line":20,"column":null}},"8":{"start":{"line":21,"column":4},"end":{"line":23,"column":null}},"9":{"start":{"line":22,"column":8},"end":{"line":22,"column":null}},"10":{"start":{"line":24,"column":21},"end":{"line":24,"column":null}},"11":{"start":{"line":25,"column":4},"end":{"line":32,"column":null}},"12":{"start":{"line":33,"column":4},"end":{"line":37,"column":null}},"13":{"start":{"line":41,"column":21},"end":{"line":41,"column":null}},"14":{"start":{"line":42,"column":4},"end":{"line":42,"column":null}},"15":{"start":{"line":46,"column":21},"end":{"line":46,"column":null}},"16":{"start":{"line":47,"column":4},"end":{"line":47,"column":null}},"17":{"start":{"line":51,"column":21},"end":{"line":51,"column":null}},"18":{"start":{"line":52,"column":4},"end":{"line":52,"column":null}},"19":{"start":{"line":56,"column":16},"end":{"line":141,"column":null}},"20":{"start":{"line":142,"column":4},"end":{"line":147,"column":null}},"21":{"start":{"line":143,"column":8},"end":{"line":145,"column":null}},"22":{"start":{"line":144,"column":12},"end":{"line":144,"column":null}},"23":{"start":{"line":144,"column":35},"end":{"line":144,"column":60}},"24":{"start":{"line":146,"column":8},"end":{"line":146,"column":null}},"25":{"start":{"line":146,"column":31},"end":{"line":146,"column":50}},"26":{"start":{"line":148,"column":4},"end":{"line":148,"column":null}},"27":{"start":{"line":152,"column":4},"end":{"line":207,"column":null}},"28":{"start":{"line":211,"column":24},"end":{"line":211,"column":null}},"29":{"start":{"line":212,"column":18},"end":{"line":212,"column":null}},"30":{"start":{"line":213,"column":18},"end":{"line":213,"column":null}},"31":{"start":{"line":215,"column":4},"end":{"line":228,"column":null}},"32":{"start":{"line":232,"column":4},"end":{"line":308,"column":null}},"33":{"start":{"line":233,"column":8},"end":{"line":307,"column":null}},"34":{"start":{"line":311,"column":4},"end":{"line":403,"column":null}}},"fnMap":{"0":{"name":"addMockComment","decl":{"start":{"line":6,"column":16},"end":{"line":6,"column":31}},"loc":{"start":{"line":6,"column":96},"end":{"line":17,"column":null}},"line":6},"1":{"name":"addMockAttachment","decl":{"start":{"line":19,"column":16},"end":{"line":19,"column":34}},"loc":{"start":{"line":19,"column":140},"end":{"line":38,"column":null}},"line":19},"2":{"name":"getMockAttachmentContent","decl":{"start":{"line":40,"column":16},"end":{"line":40,"column":41}},"loc":{"start":{"line":40,"column":77},"end":{"line":43,"column":null}},"line":40},"3":{"name":"getMockComments","decl":{"start":{"line":45,"column":16},"end":{"line":45,"column":32}},"loc":{"start":{"line":45,"column":50},"end":{"line":48,"column":null}},"line":45},"4":{"name":"getMockAttachments","decl":{"start":{"line":50,"column":16},"end":{"line":50,"column":35}},"loc":{"start":{"line":50,"column":53},"end":{"line":53,"column":null}},"line":50},"5":{"name":"getMockInstances","decl":{"start":{"line":55,"column":16},"end":{"line":55,"column":33}},"loc":{"start":{"line":55,"column":61},"end":{"line":149,"column":null}},"line":55},"6":{"name":"(anonymous_6)","decl":{"start":{"line":144,"column":23},"end":{"line":144,"column":30}},"loc":{"start":{"line":144,"column":35},"end":{"line":144,"column":60}},"line":144},"7":{"name":"(anonymous_7)","decl":{"start":{"line":146,"column":19},"end":{"line":146,"column":26}},"loc":{"start":{"line":146,"column":31},"end":{"line":146,"column":50}},"line":146},"8":{"name":"getMockTasks","decl":{"start":{"line":151,"column":16},"end":{"line":151,"column":31}},"loc":{"start":{"line":151,"column":31},"end":{"line":208,"column":null}},"line":151},"9":{"name":"getMockTaskRuntime","decl":{"start":{"line":210,"column":16},"end":{"line":210,"column":35}},"loc":{"start":{"line":210,"column":55},"end":{"line":229,"column":null}},"line":210},"10":{"name":"getMockDetail","decl":{"start":{"line":231,"column":16},"end":{"line":231,"column":30}},"loc":{"start":{"line":231,"column":68},"end":{"line":404,"column":null}},"line":231}},"branchMap":{"0":{"loc":{"start":{"line":6,"column":63},"end":{"line":6,"column":96}},"type":"default-arg","locations":[{"start":{"line":6,"column":80},"end":{"line":6,"column":96}}],"line":6},"1":{"loc":{"start":{"line":8,"column":4},"end":{"line":10,"column":null}},"type":"if","locations":[{"start":{"line":8,"column":4},"end":{"line":10,"column":null}},{"start":{},"end":{}}],"line":8},"2":{"loc":{"start":{"line":19,"column":104},"end":{"line":19,"column":140}},"type":"default-arg","locations":[{"start":{"line":19,"column":124},"end":{"line":19,"column":140}}],"line":19},"3":{"loc":{"start":{"line":21,"column":4},"end":{"line":23,"column":null}},"type":"if","locations":[{"start":{"line":21,"column":4},"end":{"line":23,"column":null}},{"start":{},"end":{}}],"line":21},"4":{"loc":{"start":{"line":42,"column":11},"end":{"line":42,"column":null}},"type":"binary-expr","locations":[{"start":{"line":42,"column":11},"end":{"line":42,"column":68}},{"start":{"line":42,"column":68},"end":{"line":42,"column":null}}],"line":42},"5":{"loc":{"start":{"line":47,"column":11},"end":{"line":47,"column":null}},"type":"binary-expr","locations":[{"start":{"line":47,"column":11},"end":{"line":47,"column":42}},{"start":{"line":47,"column":42},"end":{"line":47,"column":null}}],"line":47},"6":{"loc":{"start":{"line":52,"column":11},"end":{"line":52,"column":null}},"type":"binary-expr","locations":[{"start":{"line":52,"column":11},"end":{"line":52,"column":45}},{"start":{"line":52,"column":45},"end":{"line":52,"column":null}}],"line":52},"7":{"loc":{"start":{"line":142,"column":4},"end":{"line":147,"column":null}},"type":"if","locations":[{"start":{"line":142,"column":4},"end":{"line":147,"column":null}},{"start":{},"end":{}}],"line":142},"8":{"loc":{"start":{"line":143,"column":8},"end":{"line":145,"column":null}},"type":"if","locations":[{"start":{"line":143,"column":8},"end":{"line":145,"column":null}},{"start":{},"end":{}}],"line":143},"9":{"loc":{"start":{"line":212,"column":18},"end":{"line":212,"column":null}},"type":"cond-expr","locations":[{"start":{"line":212,"column":53},"end":{"line":212,"column":66}},{"start":{"line":212,"column":66},"end":{"line":212,"column":null}}],"line":212},"10":{"loc":{"start":{"line":213,"column":18},"end":{"line":213,"column":null}},"type":"cond-expr","locations":[{"start":{"line":213,"column":53},"end":{"line":213,"column":68}},{"start":{"line":213,"column":68},"end":{"line":213,"column":null}}],"line":213},"11":{"loc":{"start":{"line":217,"column":16},"end":{"line":217,"column":null}},"type":"cond-expr","locations":[{"start":{"line":217,"column":30},"end":{"line":217,"column":44}},{"start":{"line":217,"column":44},"end":{"line":217,"column":null}}],"line":217},"12":{"loc":{"start":{"line":218,"column":19},"end":{"line":221,"column":null}},"type":"cond-expr","locations":[{"start":{"line":218,"column":47},"end":{"line":218,"column":null}},{"start":{"line":219,"column":14},"end":{"line":221,"column":null}}],"line":218},"13":{"loc":{"start":{"line":219,"column":14},"end":{"line":221,"column":null}},"type":"cond-expr","locations":[{"start":{"line":219,"column":42},"end":{"line":219,"column":null}},{"start":{"line":220,"column":18},"end":{"line":221,"column":null}}],"line":219},"14":{"loc":{"start":{"line":220,"column":18},"end":{"line":221,"column":null}},"type":"cond-expr","locations":[{"start":{"line":220,"column":46},"end":{"line":220,"column":null}},{"start":{"line":221,"column":22},"end":{"line":221,"column":null}}],"line":220},"15":{"loc":{"start":{"line":223,"column":23},"end":{"line":223,"column":null}},"type":"cond-expr","locations":[{"start":{"line":223,"column":51},"end":{"line":223,"column":68}},{"start":{"line":223,"column":68},"end":{"line":223,"column":null}}],"line":223},"16":{"loc":{"start":{"line":224,"column":19},"end":{"line":227,"column":null}},"type":"cond-expr","locations":[{"start":{"line":224,"column":33},"end":{"line":224,"column":38}},{"start":{"line":224,"column":38},"end":{"line":227,"column":null}}],"line":224},"17":{"loc":{"start":{"line":232,"column":4},"end":{"line":308,"column":null}},"type":"if","locations":[{"start":{"line":232,"column":4},"end":{"line":308,"column":null}},{"start":{},"end":{}}],"line":232}},"s":{"0":1,"1":1,"2":1,"3":1,"4":1,"5":1,"6":1,"7":1,"8":1,"9":1,"10":1,"11":1,"12":1,"13":0,"14":0,"15":2,"16":2,"17":2,"18":2,"19":0,"20":0,"21":0,"22":0,"23":0,"24":0,"25":0,"26":0,"27":0,"28":0,"29":0,"30":0,"31":0,"32":2,"33":2,"34":0},"f":{"0":1,"1":1,"2":0,"3":2,"4":2,"5":0,"6":0,"7":0,"8":0,"9":0,"10":2},"b":{"0":[1],"1":[1,0],"2":[1],"3":[1,0],"4":[0,0],"5":[2,2],"6":[2,2],"7":[0,0],"8":[0,0],"9":[0,0],"10":[0,0],"11":[0,0],"12":[0,0],"13":[0,0],"14":[0,0],"15":[0,0],"16":[0,0],"17":[2,0]},"meta":{"lastBranch":18,"lastFunction":11,"lastStatement":35,"seen":{"s:2:49:2:Infinity":0,"s:3:52:3:Infinity":1,"s:4:108:4:Infinity":2,"f:6:16:6:31":0,"b:6:80:6:96":0,"s:7:21:7:Infinity":3,"b:8:4:10:Infinity:undefined:undefined:undefined:undefined":1,"s:8:4:10:Infinity":4,"s:9:8:9:Infinity":5,"s:11:4:16:Infinity":6,"f:19:16:19:34":1,"b:19:124:19:140":2,"s:20:21:20:Infinity":7,"b:21:4:23:Infinity:undefined:undefined:undefined:undefined":3,"s:21:4:23:Infinity":8,"s:22:8:22:Infinity":9,"s:24:21:24:Infinity":10,"s:25:4:32:Infinity":11,"s:33:4:37:Infinity":12,"f:40:16:40:41":2,"s:41:21:41:Infinity":13,"s:42:4:42:Infinity":14,"b:42:11:42:68:42:68:42:Infinity":4,"f:45:16:45:32":3,"s:46:21:46:Infinity":15,"s:47:4:47:Infinity":16,"b:47:11:47:42:47:42:47:Infinity":5,"f:50:16:50:35":4,"s:51:21:51:Infinity":17,"s:52:4:52:Infinity":18,"b:52:11:52:45:52:45:52:Infinity":6,"f:55:16:55:33":5,"s:56:16:141:Infinity":19,"b:142:4:147:Infinity:undefined:undefined:undefined:undefined":7,"s:142:4:147:Infinity":20,"b:143:8:145:Infinity:undefined:undefined:undefined:undefined":8,"s:143:8:145:Infinity":21,"s:144:12:144:Infinity":22,"f:144:23:144:30":6,"s:144:35:144:60":23,"s:146:8:146:Infinity":24,"f:146:19:146:26":7,"s:146:31:146:50":25,"s:148:4:148:Infinity":26,"f:151:16:151:31":8,"s:152:4:207:Infinity":27,"f:210:16:210:35":9,"s:211:24:211:Infinity":28,"s:212:18:212:Infinity":29,"b:212:53:212:66:212:66:212:Infinity":9,"s:213:18:213:Infinity":30,"b:213:53:213:68:213:68:213:Infinity":10,"s:215:4:228:Infinity":31,"b:217:30:217:44:217:44:217:Infinity":11,"b:218:47:218:Infinity:219:14:221:Infinity":12,"b:219:42:219:Infinity:220:18:221:Infinity":13,"b:220:46:220:Infinity:221:22:221:Infinity":14,"b:223:51:223:68:223:68:223:Infinity":15,"b:224:33:224:38:224:38:227:Infinity":16,"f:231:16:231:30":10,"b:232:4:308:Infinity:undefined:undefined:undefined:undefined":17,"s:232:4:308:Infinity":32,"s:233:8:307:Infinity":33,"s:311:4:403:Infinity":34},"fnNames":{}}}
,"D:\\learning\\test\\cnma_approval\\srv\\lib\\integrations\\object-detail-adapter.ts": {"path":"D:\\learning\\test\\cnma_approval\\srv\\lib\\integrations\\object-detail-adapter.ts","statementMap":{"0":{"start":{"line":13,"column":20},"end":{"line":13,"column":null}},"1":{"start":{"line":16,"column":22},"end":{"line":16,"column":null}},"2":{"start":{"line":17,"column":4},"end":{"line":17,"column":null}},"3":{"start":{"line":18,"column":4},"end":{"line":18,"column":null}},"4":{"start":{"line":27,"column":24},"end":{"line":27,"column":null}},"5":{"start":{"line":24,"column":8},"end":{"line":24,"column":null}},"6":{"start":{"line":25,"column":8},"end":{"line":25,"column":null}},"7":{"start":{"line":30,"column":8},"end":{"line":32,"column":null}},"8":{"start":{"line":31,"column":12},"end":{"line":31,"column":null}},"9":{"start":{"line":33,"column":8},"end":{"line":35,"column":null}},"10":{"start":{"line":34,"column":12},"end":{"line":34,"column":null}},"11":{"start":{"line":34,"column":35},"end":{"line":34,"column":61}},"12":{"start":{"line":36,"column":28},"end":{"line":36,"column":null}},"13":{"start":{"line":37,"column":8},"end":{"line":41,"column":null}},"14":{"start":{"line":38,"column":34},"end":{"line":38,"column":null}},"15":{"start":{"line":39,"column":29},"end":{"line":39,"column":null}},"16":{"start":{"line":40,"column":12},"end":{"line":40,"column":null}},"17":{"start":{"line":42,"column":8},"end":{"line":42,"column":null}},"18":{"start":{"line":50,"column":27},"end":{"line":50,"column":null}},"19":{"start":{"line":51,"column":45},"end":{"line":51,"column":null}},"20":{"start":{"line":52,"column":96},"end":{"line":52,"column":null}},"21":{"start":{"line":54,"column":8},"end":{"line":61,"column":null}},"22":{"start":{"line":55,"column":29},"end":{"line":55,"column":null}},"23":{"start":{"line":56,"column":12},"end":{"line":60,"column":null}},"24":{"start":{"line":57,"column":16},"end":{"line":57,"column":null}},"25":{"start":{"line":59,"column":16},"end":{"line":59,"column":null}},"26":{"start":{"line":63,"column":8},"end":{"line":65,"column":null}},"27":{"start":{"line":64,"column":12},"end":{"line":64,"column":null}},"28":{"start":{"line":67,"column":8},"end":{"line":80,"column":null}},"29":{"start":{"line":68,"column":12},"end":{"line":78,"column":null}},"30":{"start":{"line":69,"column":22},"end":{"line":69,"column":null}},"31":{"start":{"line":70,"column":31},"end":{"line":75,"column":null}},"32":{"start":{"line":76,"column":16},"end":{"line":76,"column":null}},"33":{"start":{"line":77,"column":16},"end":{"line":77,"column":null}},"34":{"start":{"line":79,"column":12},"end":{"line":79,"column":null}},"35":{"start":{"line":82,"column":24},"end":{"line":82,"column":null}},"36":{"start":{"line":82,"column":49},"end":{"line":82,"column":70}},"37":{"start":{"line":83,"column":24},"end":{"line":83,"column":null}},"38":{"start":{"line":83,"column":49},"end":{"line":83,"column":70}},"39":{"start":{"line":85,"column":8},"end":{"line":131,"column":null}},"40":{"start":{"line":86,"column":25},"end":{"line":86,"column":null}},"41":{"start":{"line":87,"column":34},"end":{"line":93,"column":null}},"42":{"start":{"line":88,"column":33},"end":{"line":88,"column":null}},"43":{"start":{"line":89,"column":16},"end":{"line":92,"column":null}},"44":{"start":{"line":95,"column":12},"end":{"line":130,"column":null}},"45":{"start":{"line":96,"column":39},"end":{"line":96,"column":null}},"46":{"start":{"line":97,"column":16},"end":{"line":119,"column":null}},"47":{"start":{"line":97,"column":31},"end":{"line":97,"column":34}},"48":{"start":{"line":98,"column":33},"end":{"line":98,"column":null}},"49":{"start":{"line":99,"column":41},"end":{"line":99,"column":null}},"50":{"start":{"line":101,"column":43},"end":{"line":101,"column":null}},"51":{"start":{"line":102,"column":34},"end":{"line":102,"column":null}},"52":{"start":{"line":104,"column":20},"end":{"line":108,"column":null}},"53":{"start":{"line":105,"column":43},"end":{"line":105,"column":null}},"54":{"start":{"line":106,"column":24},"end":{"line":106,"column":null}},"55":{"start":{"line":107,"column":24},"end":{"line":107,"column":null}},"56":{"start":{"line":110,"column":41},"end":{"line":115,"column":null}},"57":{"start":{"line":117,"column":20},"end":{"line":117,"column":null}},"58":{"start":{"line":118,"column":20},"end":{"line":118,"column":null}},"59":{"start":{"line":121,"column":16},"end":{"line":121,"column":null}},"60":{"start":{"line":122,"column":16},"end":{"line":129,"column":null}},"61":{"start":{"line":123,"column":20},"end":{"line":128,"column":null}},"62":{"start":{"line":124,"column":39},"end":{"line":124,"column":null}},"63":{"start":{"line":125,"column":24},"end":{"line":125,"column":null}},"64":{"start":{"line":133,"column":8},"end":{"line":177,"column":null}},"65":{"start":{"line":134,"column":25},"end":{"line":134,"column":null}},"66":{"start":{"line":135,"column":34},"end":{"line":141,"column":null}},"67":{"start":{"line":136,"column":33},"end":{"line":136,"column":null}},"68":{"start":{"line":137,"column":16},"end":{"line":140,"column":null}},"69":{"start":{"line":143,"column":12},"end":{"line":176,"column":null}},"70":{"start":{"line":144,"column":39},"end":{"line":144,"column":null}},"71":{"start":{"line":145,"column":16},"end":{"line":165,"column":null}},"72":{"start":{"line":145,"column":31},"end":{"line":145,"column":34}},"73":{"start":{"line":146,"column":33},"end":{"line":146,"column":null}},"74":{"start":{"line":147,"column":41},"end":{"line":147,"column":null}},"75":{"start":{"line":149,"column":43},"end":{"line":149,"column":null}},"76":{"start":{"line":151,"column":20},"end":{"line":154,"column":null}},"77":{"start":{"line":152,"column":43},"end":{"line":152,"column":null}},"78":{"start":{"line":153,"column":24},"end":{"line":153,"column":null}},"79":{"start":{"line":156,"column":41},"end":{"line":161,"column":null}},"80":{"start":{"line":163,"column":20},"end":{"line":163,"column":null}},"81":{"start":{"line":164,"column":20},"end":{"line":164,"column":null}},"82":{"start":{"line":167,"column":16},"end":{"line":167,"column":null}},"83":{"start":{"line":168,"column":16},"end":{"line":175,"column":null}},"84":{"start":{"line":169,"column":20},"end":{"line":174,"column":null}},"85":{"start":{"line":170,"column":39},"end":{"line":170,"column":null}},"86":{"start":{"line":171,"column":24},"end":{"line":171,"column":null}},"87":{"start":{"line":179,"column":8},"end":{"line":179,"column":null}},"88":{"start":{"line":183,"column":25},"end":{"line":183,"column":null}},"89":{"start":{"line":184,"column":8},"end":{"line":186,"column":null}},"90":{"start":{"line":185,"column":12},"end":{"line":185,"column":null}},"91":{"start":{"line":187,"column":23},"end":{"line":187,"column":null}},"92":{"start":{"line":188,"column":8},"end":{"line":188,"column":null}},"93":{"start":{"line":189,"column":8},"end":{"line":189,"column":null}},"94":{"start":{"line":193,"column":27},"end":{"line":193,"column":null}},"95":{"start":{"line":195,"column":8},"end":{"line":210,"column":null}},"96":{"start":{"line":196,"column":18},"end":{"line":196,"column":null}},"97":{"start":{"line":197,"column":12},"end":{"line":204,"column":null}},"98":{"start":{"line":198,"column":16},"end":{"line":203,"column":null}},"99":{"start":{"line":205,"column":12},"end":{"line":209,"column":null}},"100":{"start":{"line":212,"column":8},"end":{"line":391,"column":null}},"101":{"start":{"line":213,"column":12},"end":{"line":228,"column":null}},"102":{"start":{"line":214,"column":22},"end":{"line":214,"column":null}},"103":{"start":{"line":215,"column":16},"end":{"line":222,"column":null}},"104":{"start":{"line":216,"column":20},"end":{"line":221,"column":null}},"105":{"start":{"line":223,"column":16},"end":{"line":227,"column":null}},"106":{"start":{"line":229,"column":12},"end":{"line":342,"column":null}},"107":{"start":{"line":230,"column":29},"end":{"line":230,"column":null}},"108":{"start":{"line":231,"column":33},"end":{"line":231,"column":null}},"109":{"start":{"line":232,"column":34},"end":{"line":232,"column":null}},"110":{"start":{"line":234,"column":16},"end":{"line":244,"column":null}},"111":{"start":{"line":235,"column":38},"end":{"line":235,"column":null}},"112":{"start":{"line":235,"column":150},"end":{"line":235,"column":154}},"113":{"start":{"line":236,"column":38},"end":{"line":236,"column":null}},"114":{"start":{"line":237,"column":45},"end":{"line":237,"column":null}},"115":{"start":{"line":238,"column":20},"end":{"line":243,"column":null}},"116":{"start":{"line":246,"column":33},"end":{"line":246,"column":null}},"117":{"start":{"line":248,"column":31},"end":{"line":248,"column":null}},"118":{"start":{"line":249,"column":34},"end":{"line":249,"column":null}},"119":{"start":{"line":251,"column":88},"end":{"line":276,"column":null}},"120":{"start":{"line":253,"column":24},"end":{"line":253,"column":null}},"121":{"start":{"line":254,"column":24},"end":{"line":254,"column":null}},"122":{"start":{"line":257,"column":24},"end":{"line":257,"column":null}},"123":{"start":{"line":258,"column":24},"end":{"line":258,"column":null}},"124":{"start":{"line":261,"column":24},"end":{"line":261,"column":null}},"125":{"start":{"line":262,"column":24},"end":{"line":262,"column":null}},"126":{"start":{"line":265,"column":24},"end":{"line":265,"column":null}},"127":{"start":{"line":266,"column":24},"end":{"line":266,"column":null}},"128":{"start":{"line":269,"column":24},"end":{"line":269,"column":null}},"129":{"start":{"line":270,"column":24},"end":{"line":270,"column":null}},"130":{"start":{"line":273,"column":24},"end":{"line":273,"column":null}},"131":{"start":{"line":274,"column":24},"end":{"line":274,"column":null}},"132":{"start":{"line":278,"column":34},"end":{"line":278,"column":null}},"133":{"start":{"line":279,"column":33},"end":{"line":279,"column":null}},"134":{"start":{"line":280,"column":33},"end":{"line":280,"column":null}},"135":{"start":{"line":281,"column":36},"end":{"line":281,"column":null}},"136":{"start":{"line":282,"column":33},"end":{"line":282,"column":null}},"137":{"start":{"line":283,"column":34},"end":{"line":283,"column":null}},"138":{"start":{"line":285,"column":38},"end":{"line":285,"column":null}},"139":{"start":{"line":286,"column":16},"end":{"line":293,"column":null}},"140":{"start":{"line":287,"column":35},"end":{"line":287,"column":null}},"141":{"start":{"line":288,"column":45},"end":{"line":288,"column":null}},"142":{"start":{"line":289,"column":20},"end":{"line":289,"column":null}},"143":{"start":{"line":289,"column":73},"end":{"line":289,"column":91}},"144":{"start":{"line":290,"column":20},"end":{"line":292,"column":null}},"145":{"start":{"line":291,"column":24},"end":{"line":291,"column":null}},"146":{"start":{"line":295,"column":16},"end":{"line":295,"column":null}},"147":{"start":{"line":296,"column":16},"end":{"line":298,"column":null}},"148":{"start":{"line":297,"column":20},"end":{"line":297,"column":null}},"149":{"start":{"line":300,"column":41},"end":{"line":300,"column":null}},"150":{"start":{"line":301,"column":16},"end":{"line":303,"column":null}},"151":{"start":{"line":302,"column":20},"end":{"line":302,"column":null}},"152":{"start":{"line":304,"column":40},"end":{"line":304,"column":null}},"153":{"start":{"line":304,"column":78},"end":{"line":304,"column":181}},"154":{"start":{"line":305,"column":40},"end":{"line":315,"column":null}},"155":{"start":{"line":305,"column":61},"end":{"line":315,"column":18}},"156":{"start":{"line":316,"column":43},"end":{"line":321,"column":null}},"157":{"start":{"line":316,"column":67},"end":{"line":321,"column":18}},"158":{"start":{"line":322,"column":46},"end":{"line":329,"column":null}},"159":{"start":{"line":322,"column":68},"end":{"line":329,"column":18}},"160":{"start":{"line":330,"column":16},"end":{"line":341,"column":null}},"161":{"start":{"line":344,"column":12},"end":{"line":387,"column":null}},"162":{"start":{"line":345,"column":29},"end":{"line":345,"column":null}},"163":{"start":{"line":346,"column":33},"end":{"line":346,"column":null}},"164":{"start":{"line":347,"column":34},"end":{"line":347,"column":null}},"165":{"start":{"line":348,"column":31},"end":{"line":348,"column":null}},"166":{"start":{"line":350,"column":16},"end":{"line":360,"column":null}},"167":{"start":{"line":351,"column":38},"end":{"line":351,"column":null}},"168":{"start":{"line":351,"column":150},"end":{"line":351,"column":154}},"169":{"start":{"line":352,"column":38},"end":{"line":352,"column":null}},"170":{"start":{"line":353,"column":45},"end":{"line":353,"column":null}},"171":{"start":{"line":354,"column":20},"end":{"line":359,"column":null}},"172":{"start":{"line":362,"column":73},"end":{"line":367,"column":null}},"173":{"start":{"line":369,"column":34},"end":{"line":369,"column":null}},"174":{"start":{"line":370,"column":33},"end":{"line":370,"column":null}},"175":{"start":{"line":371,"column":36},"end":{"line":371,"column":null}},"176":{"start":{"line":372,"column":37},"end":{"line":372,"column":null}},"177":{"start":{"line":374,"column":41},"end":{"line":374,"column":null}},"178":{"start":{"line":375,"column":40},"end":{"line":375,"column":null}},"179":{"start":{"line":375,"column":78},"end":{"line":375,"column":180}},"180":{"start":{"line":376,"column":43},"end":{"line":376,"column":null}},"181":{"start":{"line":376,"column":84},"end":{"line":376,"column":186}},"182":{"start":{"line":377,"column":44},"end":{"line":377,"column":null}},"183":{"start":{"line":377,"column":86},"end":{"line":377,"column":188}},"184":{"start":{"line":378,"column":16},"end":{"line":386,"column":null}},"185":{"start":{"line":389,"column":12},"end":{"line":389,"column":null}},"186":{"start":{"line":390,"column":12},"end":{"line":390,"column":null}},"187":{"start":{"line":395,"column":12},"end":{"line":395,"column":null}},"188":{"start":{"line":396,"column":12},"end":{"line":396,"column":null}},"189":{"start":{"line":397,"column":31},"end":{"line":397,"column":null}},"190":{"start":{"line":398,"column":12},"end":{"line":401,"column":null}},"191":{"start":{"line":399,"column":16},"end":{"line":399,"column":null}},"192":{"start":{"line":400,"column":16},"end":{"line":400,"column":null}},"193":{"start":{"line":402,"column":27},"end":{"line":402,"column":null}},"194":{"start":{"line":403,"column":29},"end":{"line":403,"column":null}},"195":{"start":{"line":404,"column":30},"end":{"line":404,"column":null}},"196":{"start":{"line":406,"column":38},"end":{"line":406,"column":null}},"197":{"start":{"line":407,"column":52},"end":{"line":411,"column":null}},"198":{"start":{"line":412,"column":8},"end":{"line":414,"column":null}},"199":{"start":{"line":413,"column":12},"end":{"line":413,"column":null}},"200":{"start":{"line":416,"column":8},"end":{"line":423,"column":null}},"201":{"start":{"line":427,"column":8},"end":{"line":427,"column":null}},"202":{"start":{"line":428,"column":8},"end":{"line":428,"column":null}},"203":{"start":{"line":429,"column":27},"end":{"line":429,"column":null}},"204":{"start":{"line":430,"column":8},"end":{"line":433,"column":null}},"205":{"start":{"line":431,"column":12},"end":{"line":431,"column":null}},"206":{"start":{"line":432,"column":12},"end":{"line":432,"column":null}},"207":{"start":{"line":434,"column":23},"end":{"line":434,"column":null}},"208":{"start":{"line":435,"column":25},"end":{"line":435,"column":null}},"209":{"start":{"line":436,"column":26},"end":{"line":436,"column":null}},"210":{"start":{"line":438,"column":34},"end":{"line":438,"column":null}},"211":{"start":{"line":439,"column":48},"end":{"line":443,"column":null}},"212":{"start":{"line":444,"column":8},"end":{"line":446,"column":null}},"213":{"start":{"line":445,"column":12},"end":{"line":445,"column":null}},"214":{"start":{"line":448,"column":34},"end":{"line":448,"column":null}},"215":{"start":{"line":449,"column":24},"end":{"line":454,"column":null}},"216":{"start":{"line":456,"column":8},"end":{"line":463,"column":null}},"217":{"start":{"line":467,"column":27},"end":{"line":467,"column":null}},"218":{"start":{"line":468,"column":8},"end":{"line":470,"column":null}},"219":{"start":{"line":469,"column":12},"end":{"line":469,"column":null}},"220":{"start":{"line":471,"column":23},"end":{"line":471,"column":null}},"221":{"start":{"line":472,"column":25},"end":{"line":472,"column":null}},"222":{"start":{"line":473,"column":26},"end":{"line":473,"column":null}},"223":{"start":{"line":474,"column":32},"end":{"line":474,"column":null}},"224":{"start":{"line":476,"column":30},"end":{"line":485,"column":null}},"225":{"start":{"line":487,"column":22},"end":{"line":487,"column":null}},"226":{"start":{"line":488,"column":27},"end":{"line":488,"column":null}},"227":{"start":{"line":489,"column":8},"end":{"line":491,"column":null}},"228":{"start":{"line":490,"column":12},"end":{"line":490,"column":null}},"229":{"start":{"line":493,"column":27},"end":{"line":493,"column":null}},"230":{"start":{"line":494,"column":29},"end":{"line":494,"column":null}},"231":{"start":{"line":495,"column":8},"end":{"line":497,"column":null}},"232":{"start":{"line":496,"column":12},"end":{"line":496,"column":null}},"233":{"start":{"line":500,"column":23},"end":{"line":500,"column":null}},"234":{"start":{"line":501,"column":22},"end":{"line":501,"column":null}},"235":{"start":{"line":503,"column":8},"end":{"line":513,"column":null}},"236":{"start":{"line":504,"column":29},"end":{"line":504,"column":null}},"237":{"start":{"line":505,"column":30},"end":{"line":505,"column":null}},"238":{"start":{"line":506,"column":12},"end":{"line":510,"column":null}},"239":{"start":{"line":507,"column":16},"end":{"line":507,"column":null}},"240":{"start":{"line":509,"column":16},"end":{"line":509,"column":null}},"241":{"start":{"line":512,"column":12},"end":{"line":512,"column":null}},"242":{"start":{"line":515,"column":8},"end":{"line":519,"column":null}}},"fnMap":{"0":{"name":"clearDetailCache","decl":{"start":{"line":15,"column":16},"end":{"line":15,"column":33}},"loc":{"start":{"line":15,"column":71},"end":{"line":19,"column":null}},"line":15},"1":{"name":"constructor","decl":{"start":{"line":23,"column":4},"end":{"line":23,"column":18}},"loc":{"start":{"line":23,"column":18},"end":{"line":26,"column":null}},"line":23},"2":{"name":"toCamelCaseKeys","decl":{"start":{"line":29,"column":4},"end":{"line":29,"column":12}},"loc":{"start":{"line":29,"column":43},"end":{"line":43,"column":null}},"line":29},"3":{"name":"(anonymous_3)","decl":{"start":{"line":34,"column":23},"end":{"line":34,"column":27}},"loc":{"start":{"line":34,"column":35},"end":{"line":34,"column":61}},"line":34},"4":{"name":"getDetailBatch","decl":{"start":{"line":45,"column":10},"end":{"line":45,"column":null}},"loc":{"start":{"line":49,"column":36},"end":{"line":180,"column":null}},"line":49},"5":{"name":"(anonymous_5)","decl":{"start":{"line":82,"column":37},"end":{"line":82,"column":44}},"loc":{"start":{"line":82,"column":49},"end":{"line":82,"column":70}},"line":82},"6":{"name":"(anonymous_6)","decl":{"start":{"line":83,"column":37},"end":{"line":83,"column":44}},"loc":{"start":{"line":83,"column":49},"end":{"line":83,"column":70}},"line":83},"7":{"name":"(anonymous_7)","decl":{"start":{"line":87,"column":42},"end":{"line":87,"column":46}},"loc":{"start":{"line":87,"column":54},"end":{"line":93,"column":13}},"line":87},"8":{"name":"(anonymous_8)","decl":{"start":{"line":135,"column":42},"end":{"line":135,"column":46}},"loc":{"start":{"line":135,"column":54},"end":{"line":141,"column":13}},"line":135},"9":{"name":"getDetail","decl":{"start":{"line":182,"column":10},"end":{"line":182,"column":20}},"loc":{"start":{"line":182,"column":127},"end":{"line":190,"column":null}},"line":182},"10":{"name":"_getDetailInternal","decl":{"start":{"line":192,"column":10},"end":{"line":192,"column":29}},"loc":{"start":{"line":192,"column":136},"end":{"line":392,"column":null}},"line":192},"11":{"name":"(anonymous_11)","decl":{"start":{"line":235,"column":138},"end":{"line":235,"column":150}},"loc":{"start":{"line":235,"column":150},"end":{"line":235,"column":154}},"line":235},"12":{"name":"(anonymous_12)","decl":{"start":{"line":252,"column":114},"end":{"line":252,"column":121}},"loc":{"start":{"line":252,"column":129},"end":{"line":255,"column":21}},"line":252},"13":{"name":"(anonymous_13)","decl":{"start":{"line":256,"column":111},"end":{"line":256,"column":118}},"loc":{"start":{"line":256,"column":126},"end":{"line":259,"column":21}},"line":256},"14":{"name":"(anonymous_14)","decl":{"start":{"line":260,"column":144},"end":{"line":260,"column":151}},"loc":{"start":{"line":260,"column":159},"end":{"line":263,"column":21}},"line":260},"15":{"name":"(anonymous_15)","decl":{"start":{"line":264,"column":143},"end":{"line":264,"column":150}},"loc":{"start":{"line":264,"column":158},"end":{"line":267,"column":21}},"line":264},"16":{"name":"(anonymous_16)","decl":{"start":{"line":268,"column":159},"end":{"line":268,"column":166}},"loc":{"start":{"line":268,"column":174},"end":{"line":271,"column":21}},"line":268},"17":{"name":"(anonymous_17)","decl":{"start":{"line":272,"column":231},"end":{"line":272,"column":238}},"loc":{"start":{"line":272,"column":246},"end":{"line":275,"column":21}},"line":272},"18":{"name":"(anonymous_18)","decl":{"start":{"line":289,"column":55},"end":{"line":289,"column":60}},"loc":{"start":{"line":289,"column":73},"end":{"line":289,"column":91}},"line":289},"19":{"name":"(anonymous_19)","decl":{"start":{"line":304,"column":67},"end":{"line":304,"column":72}},"loc":{"start":{"line":304,"column":78},"end":{"line":304,"column":181}},"line":304},"20":{"name":"(anonymous_20)","decl":{"start":{"line":305,"column":49},"end":{"line":305,"column":54}},"loc":{"start":{"line":305,"column":61},"end":{"line":315,"column":18}},"line":305},"21":{"name":"(anonymous_21)","decl":{"start":{"line":316,"column":55},"end":{"line":316,"column":60}},"loc":{"start":{"line":316,"column":67},"end":{"line":321,"column":18}},"line":316},"22":{"name":"(anonymous_22)","decl":{"start":{"line":322,"column":56},"end":{"line":322,"column":61}},"loc":{"start":{"line":322,"column":68},"end":{"line":329,"column":18}},"line":322},"23":{"name":"(anonymous_23)","decl":{"start":{"line":351,"column":138},"end":{"line":351,"column":150}},"loc":{"start":{"line":351,"column":150},"end":{"line":351,"column":154}},"line":351},"24":{"name":"(anonymous_24)","decl":{"start":{"line":375,"column":67},"end":{"line":375,"column":72}},"loc":{"start":{"line":375,"column":78},"end":{"line":375,"column":180}},"line":375},"25":{"name":"(anonymous_25)","decl":{"start":{"line":376,"column":73},"end":{"line":376,"column":78}},"loc":{"start":{"line":376,"column":84},"end":{"line":376,"column":186}},"line":376},"26":{"name":"(anonymous_26)","decl":{"start":{"line":377,"column":75},"end":{"line":377,"column":80}},"loc":{"start":{"line":377,"column":86},"end":{"line":377,"column":188}},"line":377},"27":{"name":"addComment","decl":{"start":{"line":394,"column":10},"end":{"line":394,"column":21}},"loc":{"start":{"line":394,"column":129},"end":{"line":424,"column":null}},"line":394},"28":{"name":"uploadAttachment","decl":{"start":{"line":426,"column":10},"end":{"line":426,"column":27}},"loc":{"start":{"line":426,"column":147},"end":{"line":464,"column":null}},"line":426},"29":{"name":"fetchAttachmentContent","decl":{"start":{"line":466,"column":10},"end":{"line":466,"column":33}},"loc":{"start":{"line":466,"column":177},"end":{"line":520,"column":null}},"line":466}},"branchMap":{"0":{"loc":{"start":{"line":30,"column":8},"end":{"line":32,"column":null}},"type":"if","locations":[{"start":{"line":30,"column":8},"end":{"line":32,"column":null}},{"start":{},"end":{}}],"line":30},"1":{"loc":{"start":{"line":30,"column":12},"end":{"line":30,"column":53}},"type":"binary-expr","locations":[{"start":{"line":30,"column":12},"end":{"line":30,"column":28}},{"start":{"line":30,"column":28},"end":{"line":30,"column":53}}],"line":30},"2":{"loc":{"start":{"line":33,"column":8},"end":{"line":35,"column":null}},"type":"if","locations":[{"start":{"line":33,"column":8},"end":{"line":35,"column":null}},{"start":{},"end":{}}],"line":33},"3":{"loc":{"start":{"line":56,"column":12},"end":{"line":60,"column":null}},"type":"if","locations":[{"start":{"line":56,"column":12},"end":{"line":60,"column":null}},{"start":{"line":58,"column":19},"end":{"line":60,"column":null}}],"line":56},"4":{"loc":{"start":{"line":63,"column":8},"end":{"line":65,"column":null}},"type":"if","locations":[{"start":{"line":63,"column":8},"end":{"line":65,"column":null}},{"start":{},"end":{}}],"line":63},"5":{"loc":{"start":{"line":67,"column":8},"end":{"line":80,"column":null}},"type":"if","locations":[{"start":{"line":67,"column":8},"end":{"line":80,"column":null}},{"start":{},"end":{}}],"line":67},"6":{"loc":{"start":{"line":85,"column":8},"end":{"line":131,"column":null}},"type":"if","locations":[{"start":{"line":85,"column":8},"end":{"line":131,"column":null}},{"start":{},"end":{}}],"line":85},"7":{"loc":{"start":{"line":104,"column":20},"end":{"line":108,"column":null}},"type":"if","locations":[{"start":{"line":104,"column":20},"end":{"line":108,"column":null}},{"start":{},"end":{}}],"line":104},"8":{"loc":{"start":{"line":104,"column":24},"end":{"line":104,"column":61}},"type":"binary-expr","locations":[{"start":{"line":104,"column":24},"end":{"line":104,"column":40}},{"start":{"line":104,"column":40},"end":{"line":104,"column":61}}],"line":104},"9":{"loc":{"start":{"line":105,"column":43},"end":{"line":105,"column":null}},"type":"binary-expr","locations":[{"start":{"line":105,"column":43},"end":{"line":105,"column":61}},{"start":{"line":105,"column":61},"end":{"line":105,"column":null}}],"line":105},"10":{"loc":{"start":{"line":106,"column":34},"end":{"line":106,"column":null}},"type":"binary-expr","locations":[{"start":{"line":106,"column":34},"end":{"line":106,"column":71}},{"start":{"line":106,"column":71},"end":{"line":106,"column":null}}],"line":106},"11":{"loc":{"start":{"line":133,"column":8},"end":{"line":177,"column":null}},"type":"if","locations":[{"start":{"line":133,"column":8},"end":{"line":177,"column":null}},{"start":{},"end":{}}],"line":133},"12":{"loc":{"start":{"line":151,"column":20},"end":{"line":154,"column":null}},"type":"if","locations":[{"start":{"line":151,"column":20},"end":{"line":154,"column":null}},{"start":{},"end":{}}],"line":151},"13":{"loc":{"start":{"line":151,"column":24},"end":{"line":151,"column":61}},"type":"binary-expr","locations":[{"start":{"line":151,"column":24},"end":{"line":151,"column":40}},{"start":{"line":151,"column":40},"end":{"line":151,"column":61}}],"line":151},"14":{"loc":{"start":{"line":152,"column":43},"end":{"line":152,"column":null}},"type":"binary-expr","locations":[{"start":{"line":152,"column":43},"end":{"line":152,"column":61}},{"start":{"line":152,"column":61},"end":{"line":152,"column":null}}],"line":152},"15":{"loc":{"start":{"line":182,"column":93},"end":{"line":182,"column":127}},"type":"default-arg","locations":[{"start":{"line":182,"column":106},"end":{"line":182,"column":127}}],"line":182},"16":{"loc":{"start":{"line":184,"column":8},"end":{"line":186,"column":null}},"type":"if","locations":[{"start":{"line":184,"column":8},"end":{"line":186,"column":null}},{"start":{},"end":{}}],"line":184},"17":{"loc":{"start":{"line":192,"column":102},"end":{"line":192,"column":136}},"type":"default-arg","locations":[{"start":{"line":192,"column":115},"end":{"line":192,"column":136}}],"line":192},"18":{"loc":{"start":{"line":195,"column":8},"end":{"line":210,"column":null}},"type":"if","locations":[{"start":{"line":195,"column":8},"end":{"line":210,"column":null}},{"start":{},"end":{}}],"line":195},"19":{"loc":{"start":{"line":197,"column":12},"end":{"line":204,"column":null}},"type":"if","locations":[{"start":{"line":197,"column":12},"end":{"line":204,"column":null}},{"start":{},"end":{}}],"line":197},"20":{"loc":{"start":{"line":213,"column":12},"end":{"line":228,"column":null}},"type":"if","locations":[{"start":{"line":213,"column":12},"end":{"line":228,"column":null}},{"start":{},"end":{}}],"line":213},"21":{"loc":{"start":{"line":213,"column":16},"end":{"line":213,"column":60}},"type":"binary-expr","locations":[{"start":{"line":213,"column":16},"end":{"line":213,"column":39}},{"start":{"line":213,"column":39},"end":{"line":213,"column":60}}],"line":213},"22":{"loc":{"start":{"line":215,"column":16},"end":{"line":222,"column":null}},"type":"if","locations":[{"start":{"line":215,"column":16},"end":{"line":222,"column":null}},{"start":{},"end":{}}],"line":215},"23":{"loc":{"start":{"line":229,"column":12},"end":{"line":342,"column":null}},"type":"if","locations":[{"start":{"line":229,"column":12},"end":{"line":342,"column":null}},{"start":{},"end":{}}],"line":229},"24":{"loc":{"start":{"line":234,"column":16},"end":{"line":244,"column":null}},"type":"if","locations":[{"start":{"line":234,"column":16},"end":{"line":244,"column":null}},{"start":{},"end":{}}],"line":234},"25":{"loc":{"start":{"line":236,"column":38},"end":{"line":236,"column":null}},"type":"binary-expr","locations":[{"start":{"line":236,"column":38},"end":{"line":236,"column":54}},{"start":{"line":236,"column":54},"end":{"line":236,"column":null}}],"line":236},"26":{"loc":{"start":{"line":240,"column":38},"end":{"line":240,"column":null}},"type":"binary-expr","locations":[{"start":{"line":240,"column":38},"end":{"line":240,"column":75}},{"start":{"line":240,"column":75},"end":{"line":240,"column":null}}],"line":240},"27":{"loc":{"start":{"line":278,"column":34},"end":{"line":278,"column":null}},"type":"binary-expr","locations":[{"start":{"line":278,"column":34},"end":{"line":278,"column":50}},{"start":{"line":278,"column":50},"end":{"line":278,"column":null}}],"line":278},"28":{"loc":{"start":{"line":279,"column":33},"end":{"line":279,"column":null}},"type":"binary-expr","locations":[{"start":{"line":279,"column":33},"end":{"line":279,"column":57}},{"start":{"line":279,"column":57},"end":{"line":279,"column":null}}],"line":279},"29":{"loc":{"start":{"line":280,"column":33},"end":{"line":280,"column":null}},"type":"binary-expr","locations":[{"start":{"line":280,"column":33},"end":{"line":280,"column":51}},{"start":{"line":280,"column":51},"end":{"line":280,"column":null}}],"line":280},"30":{"loc":{"start":{"line":281,"column":36},"end":{"line":281,"column":null}},"type":"binary-expr","locations":[{"start":{"line":281,"column":36},"end":{"line":281,"column":58}},{"start":{"line":281,"column":58},"end":{"line":281,"column":null}}],"line":281},"31":{"loc":{"start":{"line":282,"column":33},"end":{"line":282,"column":null}},"type":"binary-expr","locations":[{"start":{"line":282,"column":33},"end":{"line":282,"column":51}},{"start":{"line":282,"column":51},"end":{"line":282,"column":null}}],"line":282},"32":{"loc":{"start":{"line":283,"column":34},"end":{"line":283,"column":null}},"type":"binary-expr","locations":[{"start":{"line":283,"column":34},"end":{"line":283,"column":54}},{"start":{"line":283,"column":54},"end":{"line":283,"column":null}}],"line":283},"33":{"loc":{"start":{"line":286,"column":16},"end":{"line":293,"column":null}},"type":"if","locations":[{"start":{"line":286,"column":16},"end":{"line":293,"column":null}},{"start":{},"end":{}}],"line":286},"34":{"loc":{"start":{"line":288,"column":45},"end":{"line":288,"column":null}},"type":"binary-expr","locations":[{"start":{"line":288,"column":45},"end":{"line":288,"column":67}},{"start":{"line":288,"column":67},"end":{"line":288,"column":null}}],"line":288},"35":{"loc":{"start":{"line":289,"column":73},"end":{"line":289,"column":91}},"type":"binary-expr","locations":[{"start":{"line":289,"column":73},"end":{"line":289,"column":89}},{"start":{"line":289,"column":89},"end":{"line":289,"column":91}}],"line":289},"36":{"loc":{"start":{"line":290,"column":20},"end":{"line":292,"column":null}},"type":"if","locations":[{"start":{"line":290,"column":20},"end":{"line":292,"column":null}},{"start":{},"end":{}}],"line":290},"37":{"loc":{"start":{"line":296,"column":16},"end":{"line":298,"column":null}},"type":"if","locations":[{"start":{"line":296,"column":16},"end":{"line":298,"column":null}},{"start":{},"end":{}}],"line":296},"38":{"loc":{"start":{"line":301,"column":16},"end":{"line":303,"column":null}},"type":"if","locations":[{"start":{"line":301,"column":16},"end":{"line":303,"column":null}},{"start":{},"end":{}}],"line":301},"39":{"loc":{"start":{"line":328,"column":31},"end":{"line":328,"column":null}},"type":"cond-expr","locations":[{"start":{"line":328,"column":46},"end":{"line":328,"column":98}},{"start":{"line":328,"column":98},"end":{"line":328,"column":null}}],"line":328},"40":{"loc":{"start":{"line":328,"column":65},"end":{"line":328,"column":98}},"type":"binary-expr","locations":[{"start":{"line":328,"column":65},"end":{"line":328,"column":83}},{"start":{"line":328,"column":83},"end":{"line":328,"column":98}}],"line":328},"41":{"loc":{"start":{"line":332,"column":34},"end":{"line":332,"column":null}},"type":"binary-expr","locations":[{"start":{"line":332,"column":34},"end":{"line":332,"column":71}},{"start":{"line":332,"column":71},"end":{"line":332,"column":null}}],"line":332},"42":{"loc":{"start":{"line":344,"column":12},"end":{"line":387,"column":null}},"type":"if","locations":[{"start":{"line":344,"column":12},"end":{"line":387,"column":null}},{"start":{},"end":{}}],"line":344},"43":{"loc":{"start":{"line":350,"column":16},"end":{"line":360,"column":null}},"type":"if","locations":[{"start":{"line":350,"column":16},"end":{"line":360,"column":null}},{"start":{},"end":{}}],"line":350},"44":{"loc":{"start":{"line":352,"column":38},"end":{"line":352,"column":null}},"type":"binary-expr","locations":[{"start":{"line":352,"column":38},"end":{"line":352,"column":54}},{"start":{"line":352,"column":54},"end":{"line":352,"column":null}}],"line":352},"45":{"loc":{"start":{"line":369,"column":34},"end":{"line":369,"column":null}},"type":"binary-expr","locations":[{"start":{"line":369,"column":34},"end":{"line":369,"column":50}},{"start":{"line":369,"column":50},"end":{"line":369,"column":null}}],"line":369},"46":{"loc":{"start":{"line":370,"column":33},"end":{"line":370,"column":null}},"type":"binary-expr","locations":[{"start":{"line":370,"column":33},"end":{"line":370,"column":57}},{"start":{"line":370,"column":57},"end":{"line":370,"column":null}}],"line":370},"47":{"loc":{"start":{"line":371,"column":36},"end":{"line":371,"column":null}},"type":"binary-expr","locations":[{"start":{"line":371,"column":36},"end":{"line":371,"column":63}},{"start":{"line":371,"column":63},"end":{"line":371,"column":null}}],"line":371},"48":{"loc":{"start":{"line":372,"column":37},"end":{"line":372,"column":null}},"type":"binary-expr","locations":[{"start":{"line":372,"column":37},"end":{"line":372,"column":65}},{"start":{"line":372,"column":65},"end":{"line":372,"column":null}}],"line":372},"49":{"loc":{"start":{"line":394,"column":89},"end":{"line":394,"column":129}},"type":"default-arg","locations":[{"start":{"line":394,"column":104},"end":{"line":394,"column":129}}],"line":394},"50":{"loc":{"start":{"line":398,"column":12},"end":{"line":401,"column":null}},"type":"if","locations":[{"start":{"line":398,"column":12},"end":{"line":401,"column":null}},{"start":{},"end":{}}],"line":398},"51":{"loc":{"start":{"line":412,"column":8},"end":{"line":414,"column":null}},"type":"if","locations":[{"start":{"line":412,"column":8},"end":{"line":414,"column":null}},{"start":{},"end":{}}],"line":412},"52":{"loc":{"start":{"line":430,"column":8},"end":{"line":433,"column":null}},"type":"if","locations":[{"start":{"line":430,"column":8},"end":{"line":433,"column":null}},{"start":{},"end":{}}],"line":430},"53":{"loc":{"start":{"line":444,"column":8},"end":{"line":446,"column":null}},"type":"if","locations":[{"start":{"line":444,"column":8},"end":{"line":446,"column":null}},{"start":{},"end":{}}],"line":444},"54":{"loc":{"start":{"line":468,"column":8},"end":{"line":470,"column":null}},"type":"if","locations":[{"start":{"line":468,"column":8},"end":{"line":470,"column":null}},{"start":{},"end":{}}],"line":468},"55":{"loc":{"start":{"line":487,"column":22},"end":{"line":487,"column":null}},"type":"binary-expr","locations":[{"start":{"line":487,"column":22},"end":{"line":487,"column":41}},{"start":{"line":487,"column":41},"end":{"line":487,"column":null}}],"line":487},"56":{"loc":{"start":{"line":489,"column":8},"end":{"line":491,"column":null}},"type":"if","locations":[{"start":{"line":489,"column":8},"end":{"line":491,"column":null}},{"start":{},"end":{}}],"line":489},"57":{"loc":{"start":{"line":489,"column":12},"end":{"line":489,"column":53}},"type":"binary-expr","locations":[{"start":{"line":489,"column":12},"end":{"line":489,"column":27}},{"start":{"line":489,"column":27},"end":{"line":489,"column":53}}],"line":489},"58":{"loc":{"start":{"line":495,"column":8},"end":{"line":497,"column":null}},"type":"if","locations":[{"start":{"line":495,"column":8},"end":{"line":497,"column":null}},{"start":{},"end":{}}],"line":495},"59":{"loc":{"start":{"line":503,"column":8},"end":{"line":513,"column":null}},"type":"if","locations":[{"start":{"line":503,"column":8},"end":{"line":513,"column":null}},{"start":{"line":511,"column":15},"end":{"line":513,"column":null}}],"line":503},"60":{"loc":{"start":{"line":503,"column":12},"end":{"line":503,"column":29}},"type":"binary-expr","locations":[{"start":{"line":503,"column":12},"end":{"line":503,"column":22}},{"start":{"line":503,"column":22},"end":{"line":503,"column":29}}],"line":503},"61":{"loc":{"start":{"line":506,"column":12},"end":{"line":510,"column":null}},"type":"if","locations":[{"start":{"line":506,"column":12},"end":{"line":510,"column":null}},{"start":{"line":508,"column":19},"end":{"line":510,"column":null}}],"line":506},"62":{"loc":{"start":{"line":506,"column":16},"end":{"line":506,"column":80}},"type":"binary-expr","locations":[{"start":{"line":506,"column":16},"end":{"line":506,"column":46}},{"start":{"line":506,"column":46},"end":{"line":506,"column":80}}],"line":506},"63":{"loc":{"start":{"line":517,"column":25},"end":{"line":517,"column":null}},"type":"binary-expr","locations":[{"start":{"line":517,"column":25},"end":{"line":517,"column":49}},{"start":{"line":517,"column":49},"end":{"line":517,"column":null}}],"line":517},"64":{"loc":{"start":{"line":518,"column":22},"end":{"line":518,"column":null}},"type":"binary-expr","locations":[{"start":{"line":518,"column":22},"end":{"line":518,"column":46}},{"start":{"line":518,"column":46},"end":{"line":518,"column":null}}],"line":518}},"s":{"0":1,"1":24,"2":24,"3":24,"4":9,"5":9,"6":9,"7":81,"8":68,"9":13,"10":3,"11":4,"12":10,"13":10,"14":68,"15":68,"16":68,"17":10,"18":2,"19":2,"20":2,"21":2,"22":3,"23":3,"24":0,"25":3,"26":2,"27":0,"28":2,"29":1,"30":1,"31":1,"32":1,"33":1,"34":1,"35":1,"36":2,"37":1,"38":2,"39":1,"40":1,"41":1,"42":1,"43":1,"44":1,"45":1,"46":1,"47":1,"48":1,"49":1,"50":1,"51":1,"52":1,"53":1,"54":1,"55":1,"56":1,"57":1,"58":1,"59":0,"60":0,"61":0,"62":0,"63":0,"64":1,"65":1,"66":1,"67":1,"68":1,"69":1,"70":1,"71":1,"72":1,"73":1,"74":1,"75":1,"76":1,"77":1,"78":1,"79":1,"80":1,"81":1,"82":0,"83":0,"84":0,"85":0,"86":0,"87":1,"88":3,"89":3,"90":0,"91":3,"92":3,"93":3,"94":3,"95":3,"96":1,"97":1,"98":0,"99":1,"100":2,"101":2,"102":0,"103":0,"104":0,"105":0,"106":2,"107":1,"108":1,"109":1,"110":1,"111":0,"112":0,"113":0,"114":0,"115":0,"116":1,"117":1,"118":1,"119":1,"120":0,"121":0,"122":0,"123":0,"124":0,"125":0,"126":0,"127":0,"128":0,"129":0,"130":0,"131":0,"132":1,"133":1,"134":1,"135":1,"136":1,"137":1,"138":1,"139":1,"140":1,"141":1,"142":1,"143":1,"144":1,"145":0,"146":1,"147":1,"148":1,"149":1,"150":1,"151":1,"152":1,"153":1,"154":1,"155":1,"156":1,"157":1,"158":1,"159":1,"160":1,"161":1,"162":1,"163":1,"164":1,"165":1,"166":1,"167":0,"168":0,"169":0,"170":0,"171":0,"172":1,"173":1,"174":1,"175":1,"176":1,"177":1,"178":1,"179":1,"180":1,"181":1,"182":1,"183":1,"184":1,"185":0,"186":0,"187":1,"188":1,"189":1,"190":1,"191":1,"192":1,"193":0,"194":0,"195":0,"196":0,"197":0,"198":0,"199":0,"200":0,"201":2,"202":2,"203":2,"204":2,"205":1,"206":1,"207":1,"208":1,"209":1,"210":1,"211":1,"212":1,"213":1,"214":1,"215":1,"216":1,"217":2,"218":2,"219":0,"220":2,"221":2,"222":2,"223":2,"224":2,"225":2,"226":2,"227":2,"228":0,"229":2,"230":2,"231":2,"232":0,"233":2,"234":2,"235":2,"236":1,"237":1,"238":1,"239":0,"240":1,"241":1,"242":2},"f":{"0":24,"1":9,"2":81,"3":4,"4":2,"5":2,"6":2,"7":1,"8":1,"9":3,"10":3,"11":0,"12":0,"13":0,"14":0,"15":0,"16":0,"17":0,"18":1,"19":1,"20":1,"21":1,"22":1,"23":0,"24":1,"25":1,"26":1,"27":1,"28":2,"29":2},"b":{"0":[68,13],"1":[81,81],"2":[3,10],"3":[0,3],"4":[0,2],"5":[1,1],"6":[1,0],"7":[1,0],"8":[1,1],"9":[1,1],"10":[1,0],"11":[1,0],"12":[1,0],"13":[1,1],"14":[1,1],"15":[3],"16":[0,3],"17":[3],"18":[1,2],"19":[0,1],"20":[0,2],"21":[2,1],"22":[0,0],"23":[1,1],"24":[0,1],"25":[0,0],"26":[0,0],"27":[1,0],"28":[1,0],"29":[1,0],"30":[1,0],"31":[1,0],"32":[1,0],"33":[1,0],"34":[1,0],"35":[1,0],"36":[0,1],"37":[1,0],"38":[1,0],"39":[0,1],"40":[0,0],"41":[1,0],"42":[1,0],"43":[0,1],"44":[0,0],"45":[1,0],"46":[1,0],"47":[1,0],"48":[1,0],"49":[1],"50":[1,0],"51":[0,0],"52":[1,1],"53":[1,0],"54":[0,2],"55":[2,0],"56":[0,2],"57":[2,2],"58":[0,2],"59":[1,1],"60":[2,2],"61":[0,1],"62":[1,1],"63":[2,0],"64":[2,0]},"meta":{"lastBranch":65,"lastFunction":30,"lastStatement":243,"seen":{"s:13:20:13:Infinity":0,"f:15:16:15:33":0,"s:16:22:16:Infinity":1,"s:17:4:17:Infinity":2,"s:18:4:18:Infinity":3,"s:27:24:27:Infinity":4,"f:23:4:23:18":1,"s:24:8:24:Infinity":5,"s:25:8:25:Infinity":6,"f:29:4:29:12":2,"b:30:8:32:Infinity:undefined:undefined:undefined:undefined":0,"s:30:8:32:Infinity":7,"b:30:12:30:28:30:28:30:53":1,"s:31:12:31:Infinity":8,"b:33:8:35:Infinity:undefined:undefined:undefined:undefined":2,"s:33:8:35:Infinity":9,"s:34:12:34:Infinity":10,"f:34:23:34:27":3,"s:34:35:34:61":11,"s:36:28:36:Infinity":12,"s:37:8:41:Infinity":13,"s:38:34:38:Infinity":14,"s:39:29:39:Infinity":15,"s:40:12:40:Infinity":16,"s:42:8:42:Infinity":17,"f:45:10:45:Infinity":4,"s:50:27:50:Infinity":18,"s:51:45:51:Infinity":19,"s:52:96:52:Infinity":20,"s:54:8:61:Infinity":21,"s:55:29:55:Infinity":22,"b:56:12:60:Infinity:58:19:60:Infinity":3,"s:56:12:60:Infinity":23,"s:57:16:57:Infinity":24,"s:59:16:59:Infinity":25,"b:63:8:65:Infinity:undefined:undefined:undefined:undefined":4,"s:63:8:65:Infinity":26,"s:64:12:64:Infinity":27,"b:67:8:80:Infinity:undefined:undefined:undefined:undefined":5,"s:67:8:80:Infinity":28,"s:68:12:78:Infinity":29,"s:69:22:69:Infinity":30,"s:70:31:75:Infinity":31,"s:76:16:76:Infinity":32,"s:77:16:77:Infinity":33,"s:79:12:79:Infinity":34,"s:82:24:82:Infinity":35,"f:82:37:82:44":5,"s:82:49:82:70":36,"s:83:24:83:Infinity":37,"f:83:37:83:44":6,"s:83:49:83:70":38,"b:85:8:131:Infinity:undefined:undefined:undefined:undefined":6,"s:85:8:131:Infinity":39,"s:86:25:86:Infinity":40,"s:87:34:93:Infinity":41,"f:87:42:87:46":7,"s:88:33:88:Infinity":42,"s:89:16:92:Infinity":43,"s:95:12:130:Infinity":44,"s:96:39:96:Infinity":45,"s:97:16:119:Infinity":46,"s:97:31:97:34":47,"s:98:33:98:Infinity":48,"s:99:41:99:Infinity":49,"s:101:43:101:Infinity":50,"s:102:34:102:Infinity":51,"b:104:20:108:Infinity:undefined:undefined:undefined:undefined":7,"s:104:20:108:Infinity":52,"b:104:24:104:40:104:40:104:61":8,"s:105:43:105:Infinity":53,"b:105:43:105:61:105:61:105:Infinity":9,"s:106:24:106:Infinity":54,"b:106:34:106:71:106:71:106:Infinity":10,"s:107:24:107:Infinity":55,"s:110:41:115:Infinity":56,"s:117:20:117:Infinity":57,"s:118:20:118:Infinity":58,"s:121:16:121:Infinity":59,"s:122:16:129:Infinity":60,"s:123:20:128:Infinity":61,"s:124:39:124:Infinity":62,"s:125:24:125:Infinity":63,"b:133:8:177:Infinity:undefined:undefined:undefined:undefined":11,"s:133:8:177:Infinity":64,"s:134:25:134:Infinity":65,"s:135:34:141:Infinity":66,"f:135:42:135:46":8,"s:136:33:136:Infinity":67,"s:137:16:140:Infinity":68,"s:143:12:176:Infinity":69,"s:144:39:144:Infinity":70,"s:145:16:165:Infinity":71,"s:145:31:145:34":72,"s:146:33:146:Infinity":73,"s:147:41:147:Infinity":74,"s:149:43:149:Infinity":75,"b:151:20:154:Infinity:undefined:undefined:undefined:undefined":12,"s:151:20:154:Infinity":76,"b:151:24:151:40:151:40:151:61":13,"s:152:43:152:Infinity":77,"b:152:43:152:61:152:61:152:Infinity":14,"s:153:24:153:Infinity":78,"s:156:41:161:Infinity":79,"s:163:20:163:Infinity":80,"s:164:20:164:Infinity":81,"s:167:16:167:Infinity":82,"s:168:16:175:Infinity":83,"s:169:20:174:Infinity":84,"s:170:39:170:Infinity":85,"s:171:24:171:Infinity":86,"s:179:8:179:Infinity":87,"f:182:10:182:20":9,"b:182:106:182:127":15,"s:183:25:183:Infinity":88,"b:184:8:186:Infinity:undefined:undefined:undefined:undefined":16,"s:184:8:186:Infinity":89,"s:185:12:185:Infinity":90,"s:187:23:187:Infinity":91,"s:188:8:188:Infinity":92,"s:189:8:189:Infinity":93,"f:192:10:192:29":10,"b:192:115:192:136":17,"s:193:27:193:Infinity":94,"b:195:8:210:Infinity:undefined:undefined:undefined:undefined":18,"s:195:8:210:Infinity":95,"s:196:18:196:Infinity":96,"b:197:12:204:Infinity:undefined:undefined:undefined:undefined":19,"s:197:12:204:Infinity":97,"s:198:16:203:Infinity":98,"s:205:12:209:Infinity":99,"s:212:8:391:Infinity":100,"b:213:12:228:Infinity:undefined:undefined:undefined:undefined":20,"s:213:12:228:Infinity":101,"b:213:16:213:39:213:39:213:60":21,"s:214:22:214:Infinity":102,"b:215:16:222:Infinity:undefined:undefined:undefined:undefined":22,"s:215:16:222:Infinity":103,"s:216:20:221:Infinity":104,"s:223:16:227:Infinity":105,"b:229:12:342:Infinity:undefined:undefined:undefined:undefined":23,"s:229:12:342:Infinity":106,"s:230:29:230:Infinity":107,"s:231:33:231:Infinity":108,"s:232:34:232:Infinity":109,"b:234:16:244:Infinity:undefined:undefined:undefined:undefined":24,"s:234:16:244:Infinity":110,"s:235:38:235:Infinity":111,"f:235:138:235:150":11,"s:235:150:235:154":112,"s:236:38:236:Infinity":113,"b:236:38:236:54:236:54:236:Infinity":25,"s:237:45:237:Infinity":114,"s:238:20:243:Infinity":115,"b:240:38:240:75:240:75:240:Infinity":26,"s:246:33:246:Infinity":116,"s:248:31:248:Infinity":117,"s:249:34:249:Infinity":118,"s:251:88:276:Infinity":119,"f:252:114:252:121":12,"s:253:24:253:Infinity":120,"s:254:24:254:Infinity":121,"f:256:111:256:118":13,"s:257:24:257:Infinity":122,"s:258:24:258:Infinity":123,"f:260:144:260:151":14,"s:261:24:261:Infinity":124,"s:262:24:262:Infinity":125,"f:264:143:264:150":15,"s:265:24:265:Infinity":126,"s:266:24:266:Infinity":127,"f:268:159:268:166":16,"s:269:24:269:Infinity":128,"s:270:24:270:Infinity":129,"f:272:231:272:238":17,"s:273:24:273:Infinity":130,"s:274:24:274:Infinity":131,"s:278:34:278:Infinity":132,"b:278:34:278:50:278:50:278:Infinity":27,"s:279:33:279:Infinity":133,"b:279:33:279:57:279:57:279:Infinity":28,"s:280:33:280:Infinity":134,"b:280:33:280:51:280:51:280:Infinity":29,"s:281:36:281:Infinity":135,"b:281:36:281:58:281:58:281:Infinity":30,"s:282:33:282:Infinity":136,"b:282:33:282:51:282:51:282:Infinity":31,"s:283:34:283:Infinity":137,"b:283:34:283:54:283:54:283:Infinity":32,"s:285:38:285:Infinity":138,"b:286:16:293:Infinity:undefined:undefined:undefined:undefined":33,"s:286:16:293:Infinity":139,"s:287:35:287:Infinity":140,"s:288:45:288:Infinity":141,"b:288:45:288:67:288:67:288:Infinity":34,"s:289:20:289:Infinity":142,"f:289:55:289:60":18,"s:289:73:289:91":143,"b:289:73:289:89:289:89:289:91":35,"b:290:20:292:Infinity:undefined:undefined:undefined:undefined":36,"s:290:20:292:Infinity":144,"s:291:24:291:Infinity":145,"s:295:16:295:Infinity":146,"b:296:16:298:Infinity:undefined:undefined:undefined:undefined":37,"s:296:16:298:Infinity":147,"s:297:20:297:Infinity":148,"s:300:41:300:Infinity":149,"b:301:16:303:Infinity:undefined:undefined:undefined:undefined":38,"s:301:16:303:Infinity":150,"s:302:20:302:Infinity":151,"s:304:40:304:Infinity":152,"f:304:67:304:72":19,"s:304:78:304:181":153,"s:305:40:315:Infinity":154,"f:305:49:305:54":20,"s:305:61:315:18":155,"s:316:43:321:Infinity":156,"f:316:55:316:60":21,"s:316:67:321:18":157,"s:322:46:329:Infinity":158,"f:322:56:322:61":22,"s:322:68:329:18":159,"b:328:46:328:98:328:98:328:Infinity":39,"b:328:65:328:83:328:83:328:98":40,"s:330:16:341:Infinity":160,"b:332:34:332:71:332:71:332:Infinity":41,"b:344:12:387:Infinity:undefined:undefined:undefined:undefined":42,"s:344:12:387:Infinity":161,"s:345:29:345:Infinity":162,"s:346:33:346:Infinity":163,"s:347:34:347:Infinity":164,"s:348:31:348:Infinity":165,"b:350:16:360:Infinity:undefined:undefined:undefined:undefined":43,"s:350:16:360:Infinity":166,"s:351:38:351:Infinity":167,"f:351:138:351:150":23,"s:351:150:351:154":168,"s:352:38:352:Infinity":169,"b:352:38:352:54:352:54:352:Infinity":44,"s:353:45:353:Infinity":170,"s:354:20:359:Infinity":171,"s:362:73:367:Infinity":172,"s:369:34:369:Infinity":173,"b:369:34:369:50:369:50:369:Infinity":45,"s:370:33:370:Infinity":174,"b:370:33:370:57:370:57:370:Infinity":46,"s:371:36:371:Infinity":175,"b:371:36:371:63:371:63:371:Infinity":47,"s:372:37:372:Infinity":176,"b:372:37:372:65:372:65:372:Infinity":48,"s:374:41:374:Infinity":177,"s:375:40:375:Infinity":178,"f:375:67:375:72":24,"s:375:78:375:180":179,"s:376:43:376:Infinity":180,"f:376:73:376:78":25,"s:376:84:376:186":181,"s:377:44:377:Infinity":182,"f:377:75:377:80":26,"s:377:86:377:188":183,"s:378:16:386:Infinity":184,"s:389:12:389:Infinity":185,"s:390:12:390:Infinity":186,"f:394:10:394:21":27,"b:394:104:394:129":49,"s:395:12:395:Infinity":187,"s:396:12:396:Infinity":188,"s:397:31:397:Infinity":189,"b:398:12:401:Infinity:undefined:undefined:undefined:undefined":50,"s:398:12:401:Infinity":190,"s:399:16:399:Infinity":191,"s:400:16:400:Infinity":192,"s:402:27:402:Infinity":193,"s:403:29:403:Infinity":194,"s:404:30:404:Infinity":195,"s:406:38:406:Infinity":196,"s:407:52:411:Infinity":197,"b:412:8:414:Infinity:undefined:undefined:undefined:undefined":51,"s:412:8:414:Infinity":198,"s:413:12:413:Infinity":199,"s:416:8:423:Infinity":200,"f:426:10:426:27":28,"s:427:8:427:Infinity":201,"s:428:8:428:Infinity":202,"s:429:27:429:Infinity":203,"b:430:8:433:Infinity:undefined:undefined:undefined:undefined":52,"s:430:8:433:Infinity":204,"s:431:12:431:Infinity":205,"s:432:12:432:Infinity":206,"s:434:23:434:Infinity":207,"s:435:25:435:Infinity":208,"s:436:26:436:Infinity":209,"s:438:34:438:Infinity":210,"s:439:48:443:Infinity":211,"b:444:8:446:Infinity:undefined:undefined:undefined:undefined":53,"s:444:8:446:Infinity":212,"s:445:12:445:Infinity":213,"s:448:34:448:Infinity":214,"s:449:24:454:Infinity":215,"s:456:8:463:Infinity":216,"f:466:10:466:33":29,"s:467:27:467:Infinity":217,"b:468:8:470:Infinity:undefined:undefined:undefined:undefined":54,"s:468:8:470:Infinity":218,"s:469:12:469:Infinity":219,"s:471:23:471:Infinity":220,"s:472:25:472:Infinity":221,"s:473:26:473:Infinity":222,"s:474:32:474:Infinity":223,"s:476:30:485:Infinity":224,"s:487:22:487:Infinity":225,"b:487:22:487:41:487:41:487:Infinity":55,"s:488:27:488:Infinity":226,"b:489:8:491:Infinity:undefined:undefined:undefined:undefined":56,"s:489:8:491:Infinity":227,"b:489:12:489:27:489:27:489:53":57,"s:490:12:490:Infinity":228,"s:493:27:493:Infinity":229,"s:494:29:494:Infinity":230,"b:495:8:497:Infinity:undefined:undefined:undefined:undefined":58,"s:495:8:497:Infinity":231,"s:496:12:496:Infinity":232,"s:500:23:500:Infinity":233,"s:501:22:501:Infinity":234,"b:503:8:513:Infinity:511:15:513:Infinity":59,"s:503:8:513:Infinity":235,"b:503:12:503:22:503:22:503:29":60,"s:504:29:504:Infinity":236,"s:505:30:505:Infinity":237,"b:506:12:510:Infinity:508:19:510:Infinity":61,"s:506:12:510:Infinity":238,"b:506:16:506:46:506:46:506:80":62,"s:507:16:507:Infinity":239,"s:509:16:509:Infinity":240,"s:512:12:512:Infinity":241,"s:515:8:519:Infinity":242,"b:517:25:517:49:517:49:517:Infinity":63,"b:518:22:518:46:518:46:518:Infinity":64},"fnNames":{}}}
,"D:\\learning\\test\\cnma_approval\\srv\\lib\\processors\\inbox-processor.ts": {"path":"D:\\learning\\test\\cnma_approval\\srv\\lib\\processors\\inbox-processor.ts","statementMap":{"0":{"start":{"line":10,"column":40},"end":{"line":19,"column":null}},"1":{"start":{"line":20,"column":4},"end":{"line":20,"column":null}},"2":{"start":{"line":24,"column":4},"end":{"line":24,"column":null}},"3":{"start":{"line":24,"column":20},"end":{"line":24,"column":null}},"4":{"start":{"line":25,"column":20},"end":{"line":25,"column":null}},"5":{"start":{"line":26,"column":4},"end":{"line":28,"column":null}},"6":{"start":{"line":27,"column":8},"end":{"line":27,"column":null}},"7":{"start":{"line":29,"column":4},"end":{"line":33,"column":null}},"8":{"start":{"line":30,"column":8},"end":{"line":30,"column":null}},"9":{"start":{"line":32,"column":8},"end":{"line":32,"column":null}},"10":{"start":{"line":37,"column":26},"end":{"line":37,"column":null}},"11":{"start":{"line":38,"column":28},"end":{"line":38,"column":null}},"12":{"start":{"line":39,"column":34},"end":{"line":39,"column":null}},"13":{"start":{"line":40,"column":21},"end":{"line":40,"column":null}},"14":{"start":{"line":43,"column":8},"end":{"line":43,"column":null}},"15":{"start":{"line":44,"column":8},"end":{"line":143,"column":null}},"16":{"start":{"line":45,"column":36},"end":{"line":45,"column":null}},"17":{"start":{"line":46,"column":12},"end":{"line":48,"column":null}},"18":{"start":{"line":47,"column":16},"end":{"line":47,"column":null}},"19":{"start":{"line":50,"column":26},"end":{"line":50,"column":null}},"20":{"start":{"line":53,"column":37},"end":{"line":53,"column":null}},"21":{"start":{"line":54,"column":25},"end":{"line":54,"column":null}},"22":{"start":{"line":55,"column":24},"end":{"line":55,"column":null}},"23":{"start":{"line":56,"column":12},"end":{"line":56,"column":null}},"24":{"start":{"line":58,"column":12},"end":{"line":60,"column":null}},"25":{"start":{"line":59,"column":16},"end":{"line":59,"column":null}},"26":{"start":{"line":62,"column":29},"end":{"line":62,"column":null}},"27":{"start":{"line":65,"column":33},"end":{"line":75,"column":null}},"28":{"start":{"line":66,"column":39},"end":{"line":66,"column":50}},"29":{"start":{"line":68,"column":41},"end":{"line":72,"column":null}},"30":{"start":{"line":69,"column":38},"end":{"line":69,"column":null}},"31":{"start":{"line":70,"column":39},"end":{"line":70,"column":null}},"32":{"start":{"line":71,"column":24},"end":{"line":71,"column":null}},"33":{"start":{"line":73,"column":26},"end":{"line":73,"column":null}},"34":{"start":{"line":74,"column":20},"end":{"line":74,"column":null}},"35":{"start":{"line":77,"column":35},"end":{"line":77,"column":null}},"36":{"start":{"line":79,"column":26},"end":{"line":137,"column":null}},"37":{"start":{"line":80,"column":37},"end":{"line":84,"column":null}},"38":{"start":{"line":81,"column":34},"end":{"line":81,"column":null}},"39":{"start":{"line":82,"column":35},"end":{"line":82,"column":null}},"40":{"start":{"line":83,"column":20},"end":{"line":83,"column":null}},"41":{"start":{"line":85,"column":22},"end":{"line":85,"column":null}},"42":{"start":{"line":87,"column":42},"end":{"line":87,"column":null}},"43":{"start":{"line":88,"column":16},"end":{"line":100,"column":null}},"44":{"start":{"line":89,"column":20},"end":{"line":97,"column":null}},"45":{"start":{"line":90,"column":42},"end":{"line":90,"column":null}},"46":{"start":{"line":91,"column":24},"end":{"line":95,"column":null}},"47":{"start":{"line":92,"column":28},"end":{"line":92,"column":null}},"48":{"start":{"line":94,"column":28},"end":{"line":94,"column":null}},"49":{"start":{"line":96,"column":24},"end":{"line":96,"column":null}},"50":{"start":{"line":99,"column":20},"end":{"line":99,"column":null}},"51":{"start":{"line":102,"column":40},"end":{"line":107,"column":null}},"52":{"start":{"line":109,"column":38},"end":{"line":109,"column":null}},"53":{"start":{"line":110,"column":37},"end":{"line":110,"column":null}},"54":{"start":{"line":111,"column":22},"end":{"line":111,"column":null}},"55":{"start":{"line":112,"column":22},"end":{"line":112,"column":null}},"56":{"start":{"line":114,"column":16},"end":{"line":136,"column":null}},"57":{"start":{"line":139,"column":12},"end":{"line":139,"column":null}},"58":{"start":{"line":141,"column":12},"end":{"line":141,"column":null}},"59":{"start":{"line":142,"column":12},"end":{"line":142,"column":null}},"60":{"start":{"line":147,"column":8},"end":{"line":147,"column":null}},"61":{"start":{"line":148,"column":8},"end":{"line":254,"column":null}},"62":{"start":{"line":149,"column":36},"end":{"line":149,"column":null}},"63":{"start":{"line":150,"column":12},"end":{"line":152,"column":null}},"64":{"start":{"line":151,"column":16},"end":{"line":151,"column":null}},"65":{"start":{"line":154,"column":26},"end":{"line":154,"column":null}},"66":{"start":{"line":157,"column":37},"end":{"line":157,"column":null}},"67":{"start":{"line":158,"column":25},"end":{"line":158,"column":null}},"68":{"start":{"line":159,"column":24},"end":{"line":159,"column":null}},"69":{"start":{"line":160,"column":12},"end":{"line":160,"column":null}},"70":{"start":{"line":162,"column":12},"end":{"line":164,"column":null}},"71":{"start":{"line":163,"column":16},"end":{"line":163,"column":null}},"72":{"start":{"line":167,"column":32},"end":{"line":170,"column":null}},"73":{"start":{"line":168,"column":33},"end":{"line":168,"column":null}},"74":{"start":{"line":169,"column":16},"end":{"line":169,"column":null}},"75":{"start":{"line":171,"column":30},"end":{"line":171,"column":null}},"76":{"start":{"line":173,"column":29},"end":{"line":173,"column":null}},"77":{"start":{"line":176,"column":33},"end":{"line":186,"column":null}},"78":{"start":{"line":177,"column":39},"end":{"line":177,"column":50}},"79":{"start":{"line":179,"column":41},"end":{"line":183,"column":null}},"80":{"start":{"line":180,"column":38},"end":{"line":180,"column":null}},"81":{"start":{"line":181,"column":39},"end":{"line":181,"column":null}},"82":{"start":{"line":182,"column":24},"end":{"line":182,"column":null}},"83":{"start":{"line":184,"column":26},"end":{"line":184,"column":null}},"84":{"start":{"line":185,"column":20},"end":{"line":185,"column":null}},"85":{"start":{"line":188,"column":35},"end":{"line":188,"column":null}},"86":{"start":{"line":190,"column":26},"end":{"line":248,"column":null}},"87":{"start":{"line":191,"column":37},"end":{"line":195,"column":null}},"88":{"start":{"line":192,"column":34},"end":{"line":192,"column":null}},"89":{"start":{"line":193,"column":35},"end":{"line":193,"column":null}},"90":{"start":{"line":194,"column":20},"end":{"line":194,"column":null}},"91":{"start":{"line":196,"column":22},"end":{"line":196,"column":null}},"92":{"start":{"line":198,"column":42},"end":{"line":198,"column":null}},"93":{"start":{"line":199,"column":16},"end":{"line":211,"column":null}},"94":{"start":{"line":200,"column":20},"end":{"line":208,"column":null}},"95":{"start":{"line":201,"column":42},"end":{"line":201,"column":null}},"96":{"start":{"line":202,"column":24},"end":{"line":206,"column":null}},"97":{"start":{"line":203,"column":28},"end":{"line":203,"column":null}},"98":{"start":{"line":205,"column":28},"end":{"line":205,"column":null}},"99":{"start":{"line":207,"column":24},"end":{"line":207,"column":null}},"100":{"start":{"line":210,"column":20},"end":{"line":210,"column":null}},"101":{"start":{"line":213,"column":40},"end":{"line":218,"column":null}},"102":{"start":{"line":220,"column":38},"end":{"line":220,"column":null}},"103":{"start":{"line":221,"column":37},"end":{"line":221,"column":null}},"104":{"start":{"line":222,"column":22},"end":{"line":222,"column":null}},"105":{"start":{"line":223,"column":22},"end":{"line":223,"column":null}},"106":{"start":{"line":225,"column":16},"end":{"line":247,"column":null}},"107":{"start":{"line":250,"column":12},"end":{"line":250,"column":null}},"108":{"start":{"line":252,"column":12},"end":{"line":252,"column":null}},"109":{"start":{"line":253,"column":12},"end":{"line":253,"column":null}},"110":{"start":{"line":268,"column":8},"end":{"line":268,"column":null}},"111":{"start":{"line":269,"column":8},"end":{"line":398,"column":null}},"112":{"start":{"line":270,"column":32},"end":{"line":270,"column":null}},"113":{"start":{"line":272,"column":37},"end":{"line":272,"column":null}},"114":{"start":{"line":273,"column":12},"end":{"line":278,"column":null}},"115":{"start":{"line":274,"column":16},"end":{"line":274,"column":null}},"116":{"start":{"line":276,"column":31},"end":{"line":276,"column":null}},"117":{"start":{"line":277,"column":16},"end":{"line":277,"column":null}},"118":{"start":{"line":280,"column":25},"end":{"line":280,"column":null}},"119":{"start":{"line":281,"column":12},"end":{"line":283,"column":null}},"120":{"start":{"line":282,"column":16},"end":{"line":282,"column":null}},"121":{"start":{"line":285,"column":35},"end":{"line":285,"column":null}},"122":{"start":{"line":287,"column":28},"end":{"line":287,"column":null}},"123":{"start":{"line":288,"column":12},"end":{"line":298,"column":null}},"124":{"start":{"line":289,"column":40},"end":{"line":289,"column":null}},"125":{"start":{"line":289,"column":125},"end":{"line":289,"column":127}},"126":{"start":{"line":290,"column":16},"end":{"line":294,"column":null}},"127":{"start":{"line":291,"column":34},"end":{"line":291,"column":null}},"128":{"start":{"line":292,"column":35},"end":{"line":292,"column":null}},"129":{"start":{"line":293,"column":20},"end":{"line":293,"column":null}},"130":{"start":{"line":295,"column":16},"end":{"line":295,"column":null}},"131":{"start":{"line":297,"column":16},"end":{"line":297,"column":null}},"132":{"start":{"line":299,"column":33},"end":{"line":299,"column":null}},"133":{"start":{"line":300,"column":18},"end":{"line":300,"column":null}},"134":{"start":{"line":303,"column":18},"end":{"line":326,"column":null}},"135":{"start":{"line":304,"column":34},"end":{"line":304,"column":null}},"136":{"start":{"line":304,"column":59},"end":{"line":304,"column":98}},"137":{"start":{"line":306,"column":66},"end":{"line":306,"column":null}},"138":{"start":{"line":307,"column":16},"end":{"line":311,"column":null}},"139":{"start":{"line":308,"column":20},"end":{"line":308,"column":null}},"140":{"start":{"line":309,"column":23},"end":{"line":311,"column":null}},"141":{"start":{"line":310,"column":20},"end":{"line":310,"column":null}},"142":{"start":{"line":313,"column":16},"end":{"line":325,"column":null}},"143":{"start":{"line":329,"column":36},"end":{"line":334,"column":null}},"144":{"start":{"line":336,"column":18},"end":{"line":342,"column":null}},"145":{"start":{"line":336,"column":91},"end":{"line":342,"column":14}},"146":{"start":{"line":344,"column":18},"end":{"line":357,"column":null}},"147":{"start":{"line":345,"column":30},"end":{"line":345,"column":null}},"148":{"start":{"line":346,"column":16},"end":{"line":356,"column":null}},"149":{"start":{"line":359,"column":18},"end":{"line":359,"column":null}},"150":{"start":{"line":361,"column":12},"end":{"line":394,"column":null}},"151":{"start":{"line":396,"column":12},"end":{"line":396,"column":null}},"152":{"start":{"line":397,"column":12},"end":{"line":397,"column":null}},"153":{"start":{"line":410,"column":8},"end":{"line":410,"column":null}},"154":{"start":{"line":411,"column":8},"end":{"line":426,"column":null}},"155":{"start":{"line":413,"column":12},"end":{"line":420,"column":null}},"156":{"start":{"line":414,"column":16},"end":{"line":419,"column":null}},"157":{"start":{"line":415,"column":20},"end":{"line":415,"column":null}},"158":{"start":{"line":416,"column":20},"end":{"line":416,"column":null}},"159":{"start":{"line":418,"column":20},"end":{"line":418,"column":null}},"160":{"start":{"line":422,"column":12},"end":{"line":422,"column":null}},"161":{"start":{"line":424,"column":12},"end":{"line":424,"column":null}},"162":{"start":{"line":425,"column":12},"end":{"line":425,"column":null}},"163":{"start":{"line":430,"column":8},"end":{"line":430,"column":null}},"164":{"start":{"line":431,"column":8},"end":{"line":450,"column":null}},"165":{"start":{"line":432,"column":27},"end":{"line":432,"column":null}},"166":{"start":{"line":433,"column":18},"end":{"line":440,"column":null}},"167":{"start":{"line":433,"column":70},"end":{"line":440,"column":14}},"168":{"start":{"line":441,"column":12},"end":{"line":446,"column":null}},"169":{"start":{"line":448,"column":12},"end":{"line":448,"column":null}},"170":{"start":{"line":449,"column":12},"end":{"line":449,"column":null}},"171":{"start":{"line":454,"column":8},"end":{"line":454,"column":null}},"172":{"start":{"line":455,"column":8},"end":{"line":460,"column":null}},"173":{"start":{"line":456,"column":12},"end":{"line":456,"column":null}},"174":{"start":{"line":458,"column":12},"end":{"line":458,"column":null}},"175":{"start":{"line":459,"column":12},"end":{"line":459,"column":null}},"176":{"start":{"line":464,"column":8},"end":{"line":464,"column":null}},"177":{"start":{"line":465,"column":8},"end":{"line":470,"column":null}},"178":{"start":{"line":466,"column":12},"end":{"line":466,"column":null}},"179":{"start":{"line":468,"column":12},"end":{"line":468,"column":null}},"180":{"start":{"line":469,"column":12},"end":{"line":469,"column":null}},"181":{"start":{"line":474,"column":8},"end":{"line":474,"column":null}},"182":{"start":{"line":475,"column":8},"end":{"line":480,"column":null}},"183":{"start":{"line":476,"column":12},"end":{"line":476,"column":null}},"184":{"start":{"line":478,"column":12},"end":{"line":478,"column":null}},"185":{"start":{"line":479,"column":12},"end":{"line":479,"column":null}},"186":{"start":{"line":484,"column":8},"end":{"line":484,"column":null}},"187":{"start":{"line":485,"column":8},"end":{"line":491,"column":null}},"188":{"start":{"line":486,"column":27},"end":{"line":486,"column":null}},"189":{"start":{"line":487,"column":12},"end":{"line":487,"column":null}},"190":{"start":{"line":489,"column":12},"end":{"line":489,"column":null}},"191":{"start":{"line":490,"column":12},"end":{"line":490,"column":null}},"192":{"start":{"line":496,"column":4},"end":{"line":496,"column":null}},"193":{"start":{"line":496,"column":51},"end":{"line":496,"column":null}},"194":{"start":{"line":499,"column":4},"end":{"line":529,"column":null}},"195":{"start":{"line":500,"column":8},"end":{"line":500,"column":null}},"196":{"start":{"line":501,"column":8},"end":{"line":501,"column":null}},"197":{"start":{"line":502,"column":8},"end":{"line":504,"column":null}},"198":{"start":{"line":503,"column":12},"end":{"line":503,"column":null}},"199":{"start":{"line":505,"column":8},"end":{"line":507,"column":null}},"200":{"start":{"line":506,"column":12},"end":{"line":506,"column":null}},"201":{"start":{"line":508,"column":8},"end":{"line":510,"column":null}},"202":{"start":{"line":509,"column":12},"end":{"line":509,"column":null}},"203":{"start":{"line":511,"column":8},"end":{"line":513,"column":null}},"204":{"start":{"line":512,"column":12},"end":{"line":512,"column":null}},"205":{"start":{"line":514,"column":11},"end":{"line":529,"column":null}},"206":{"start":{"line":515,"column":8},"end":{"line":515,"column":null}},"207":{"start":{"line":516,"column":8},"end":{"line":516,"column":null}},"208":{"start":{"line":517,"column":8},"end":{"line":519,"column":null}},"209":{"start":{"line":518,"column":12},"end":{"line":518,"column":null}},"210":{"start":{"line":520,"column":8},"end":{"line":522,"column":null}},"211":{"start":{"line":521,"column":12},"end":{"line":521,"column":null}},"212":{"start":{"line":523,"column":8},"end":{"line":525,"column":null}},"213":{"start":{"line":524,"column":12},"end":{"line":524,"column":null}},"214":{"start":{"line":526,"column":8},"end":{"line":528,"column":null}},"215":{"start":{"line":527,"column":12},"end":{"line":527,"column":null}},"216":{"start":{"line":532,"column":4},"end":{"line":535,"column":null}},"217":{"start":{"line":533,"column":8},"end":{"line":533,"column":null}},"218":{"start":{"line":534,"column":8},"end":{"line":534,"column":null}},"219":{"start":{"line":538,"column":4},"end":{"line":580,"column":null}},"220":{"start":{"line":539,"column":25},"end":{"line":539,"column":null}},"221":{"start":{"line":540,"column":25},"end":{"line":540,"column":null}},"222":{"start":{"line":541,"column":8},"end":{"line":541,"column":null}},"223":{"start":{"line":543,"column":8},"end":{"line":543,"column":null}},"224":{"start":{"line":544,"column":8},"end":{"line":544,"column":null}},"225":{"start":{"line":547,"column":8},"end":{"line":551,"column":null}},"226":{"st
[...]
":{"line":133,"column":19},"end":{"line":133,"column":58}},{"start":{"line":133,"column":58},"end":{"line":133,"column":69}}],"line":133}},"s":{"0":1,"1":14,"2":14,"3":3,"4":3,"5":3,"6":11,"7":11,"8":1,"9":1,"10":1,"11":10,"12":1,"13":2,"14":1,"15":1,"16":1,"17":1,"18":9,"19":9,"20":1,"21":8,"22":8,"23":1,"24":7,"25":7,"26":1,"27":6,"28":1,"29":5,"30":1,"31":8,"32":8,"33":8,"34":1,"35":5,"36":5,"37":1,"38":4,"39":4,"40":4,"41":4,"42":4,"43":1,"44":1,"45":26,"46":26,"47":1,"48":7,"49":7,"50":3,"51":4,"52":1,"53":2,"54":2,"55":2,"56":2,"57":2,"58":1,"59":2,"60":1,"61":1,"62":1,"63":5,"64":2,"65":3,"66":3,"67":3,"68":1,"69":1,"70":6,"71":6,"72":6,"73":6,"74":6,"75":2,"76":4,"77":2,"78":2,"79":2,"80":2,"81":2,"82":2,"83":2,"84":6,"85":1,"86":1,"87":1,"88":1},"f":{"0":14,"1":2,"2":8,"3":5,"4":26,"5":7,"6":2,"7":2,"8":5,"9":3,"10":6,"11":1,"12":1},"b":{"0":[3,11],"1":[14,3],"2":[3,0],"3":[1,10],"4":[11,1],"5":[1,0],"6":[1,9],"7":[2,2],"8":[1,0],"9":[1,0],"10":[1,8],"11":[9,1],"12":[1,7],"13":[8,1],"14":[1,6],"15":[7,1],"16":[1,5],"17":[6,1],"18":[1,4],"19":[3,0],"20":[4,3],"21":[11,15],"22":[26,12],"23":[3,4],"24":[7,4],"25":[2,1,1],"26":[1,1],"27":[1,1],"28":[1,1],"29":[1,0],"30":[1,1],"31":[1,0],"32":[1,1],"33":[2,3],"34":[2,1],"35":[3,3],"36":[2,4],"37":[0,2],"38":[0,0],"39":[2,2],"40":[2,0],"41":[2,1],"42":[2,0],"43":[2,1,0,0],"44":[2,1]},"meta":{"lastBranch":45,"lastFunction":13,"lastStatement":89,"seen":{"s:10:13:49:Infinity":0,"f:10:13:10:38":0,"s:11:17:11:Infinity":1,"b:12:4:15:Infinity:undefined:undefined:undefined:undefined":0,"s:12:4:15:Infinity":2,"b:12:8:12:36:12:36:12:64":1,"s:13:22:13:Infinity":3,"b:14:8:14:Infinity:undefined:undefined:undefined:undefined":2,"s:14:8:14:Infinity":4,"s:14:19:14:Infinity":5,"s:17:26:17:Infinity":6,"b:18:4:21:Infinity:undefined:undefined:undefined:undefined":3,"s:18:4:21:Infinity":7,"b:18:8:18:45:18:45:18:82":4,"s:19:22:19:Infinity":8,"b:20:8:20:Infinity:undefined:undefined:undefined:undefined":5,"s:20:8:20:Infinity":9,"s:20:19:20:Infinity":10,"b:22:4:28:Infinity:undefined:undefined:undefined:undefined":6,"s:22:4:28:Infinity":11,"s:23:22:23:Infinity":12,"f:23:36:23:42":1,"s:23:48:23:96":13,"b:23:48:23:73:23:73:23:96":7,"b:24:8:27:Infinity:undefined:undefined:undefined:undefined":8,"s:24:8:27:Infinity":14,"s:25:26:25:Infinity":15,"b:26:12:26:Infinity:undefined:undefined:undefined:undefined":9,"s:26:12:26:Infinity":16,"s:26:23:26:Infinity":17,"s:30:22:30:Infinity":18,"b:31:4:33:Infinity:undefined:undefined:undefined:undefined":10,"s:31:4:33:Infinity":19,"b:31:8:31:41:31:41:31:59":11,"s:32:8:32:Infinity":20,"s:35:23:35:Infinity":21,"b:36:4:38:Infinity:undefined:undefined:undefined:undefined":12,"s:36:4:38:Infinity":22,"b:36:8:36:42:36:42:36:61":13,"s:37:8:37:Infinity":23,"s:40:21:40:Infinity":24,"b:41:4:43:Infinity:undefined:undefined:undefined:undefined":14,"s:41:4:43:Infinity":25,"b:41:8:41:44:41:44:41:64":15,"s:42:8:42:Infinity":26,"b:44:4:46:Infinity:undefined:undefined:undefined:undefined":16,"s:44:4:46:Infinity":27,"b:44:8:44:45:44:45:44:66":17,"s:45:8:45:Infinity":28,"s:48:4:48:Infinity":29,"s:51:13:55:Infinity":30,"f:51:13:51:35":2,"s:52:19:52:Infinity":31,"s:53:10:53:Infinity":32,"s:54:4:54:Infinity":33,"s:57:13:68:Infinity":34,"f:57:13:57:33":3,"s:58:18:58:Infinity":35,"b:59:4:59:Infinity:undefined:undefined:undefined:undefined":18,"s:59:4:59:Infinity":36,"s:59:26:59:Infinity":37,"s:60:4:67:Infinity":38,"s:61:23:61:Infinity":39,"s:62:21:62:Infinity":40,"s:63:24:63:Infinity":41,"s:64:8:64:Infinity":42,"b:64:57:64:95:64:95:64:Infinity":19,"b:64:15:64:26:64:26:64:57":20,"s:66:8:66:Infinity":43,"s:70:13:73:Infinity":44,"f:70:13:70:32":4,"s:71:18:71:Infinity":45,"s:72:4:72:Infinity":46,"b:72:55:72:63:72:63:72:Infinity":21,"b:72:11:72:40:72:40:72:55":22,"s:75:13:79:Infinity":47,"f:75:13:75:33":5,"s:76:18:76:Infinity":48,"b:77:4:77:Infinity:undefined:undefined:undefined:undefined":23,"s:77:4:77:Infinity":49,"b:77:8:77:37:77:37:77:61":24,"s:77:61:77:Infinity":50,"s:78:4:78:Infinity":51,"s:81:13:99:Infinity":52,"f:81:13:81:35":6,"s:82:16:82:Infinity":53,"s:83:16:83:Infinity":54,"s:84:18:84:Infinity":55,"s:85:16:85:Infinity":56,"s:86:4:98:Infinity":57,"b:91:18:91:59:91:59:91:94:91:94:91:Infinity":25,"b:94:25:94:62:94:62:94:Infinity":26,"b:95:24:95:61:95:61:95:Infinity":27,"b:96:38:96:46:96:46:96:Infinity":28,"b:96:74:96:93:96:93:96:Infinity":29,"b:97:39:97:45:97:45:97:Infinity":30,"b:97:71:97:79:97:79:97:Infinity":31,"s:101:13:104:Infinity":58,"f:101:13:101:28":7,"b:102:4:102:Infinity:undefined:undefined:undefined:undefined":32,"s:102:4:102:Infinity":59,"s:102:28:102:Infinity":60,"s:103:4:103:Infinity":61,"s:106:13:110:Infinity":62,"f:106:13:106:31":8,"b:107:4:107:Infinity:undefined:undefined:undefined:undefined":33,"s:107:4:107:Infinity":63,"s:107:35:107:Infinity":64,"b:108:4:108:Infinity:undefined:undefined:undefined:undefined":34,"s:108:4:108:Infinity":65,"s:108:30:108:Infinity":66,"f:108:43:108:49":9,"s:108:59:108:111":67,"b:108:59:108:88:108:88:108:111":35,"s:109:4:109:Infinity":68,"s:112:13:137:Infinity":69,"f:112:13:112:32":10,"s:113:20:113:Infinity":70,"s:114:20:114:Infinity":71,"s:116:18:116:Infinity":72,"s:119:27:119:Infinity":73,"b:120:4:134:Infinity:122:11:134:Infinity":36,"s:120:4:134:Infinity":74,"s:121:8:121:Infinity":75,"b:121:46:121:92:121:92:121:Infinity":37,"b:121:51:121:72:121:72:121:74":38,"b:122:11:134:Infinity:131:11:134:Infinity":39,"s:122:11:134:Infinity":76,"s:124:24:124:Infinity":77,"b:125:8:130:Infinity:undefined:undefined:undefined:undefined":40,"s:125:8:130:Infinity":78,"s:126:26:126:Infinity":79,"b:126:26:126:63:126:63:126:Infinity":41,"s:127:29:127:Infinity":80,"b:127:29:127:70:127:70:127:Infinity":42,"s:128:24:128:Infinity":81,"s:129:12:129:Infinity":82,"b:129:23:129:32:129:32:129:44:129:44:129:51:129:51:129:62":43,"s:133:8:133:Infinity":83,"b:133:19:133:58:133:58:133:69":44,"s:136:4:136:Infinity":84,"s:139:13:141:Infinity":85,"f:139:13:139:27":11,"s:140:4:140:Infinity":86,"s:143:13:147:Infinity":87,"f:143:13:143:28":12,"s:143:49:147:Infinity":88},"fnNames":{}}}
,"D:\\learning\\test\\cnma_approval\\srv\\lib\\utils\\cache.ts": {"path":"D:\\learning\\test\\cnma_approval\\srv\\lib\\utils\\cache.ts","statementMap":{"0":{"start":{"line":11,"column":29},"end":{"line":11,"column":null}},"1":{"start":{"line":14,"column":25},"end":{"line":14,"column":47}},"2":{"start":{"line":15,"column":25},"end":{"line":15,"column":41}},"3":{"start":{"line":22,"column":22},"end":{"line":22,"column":null}},"4":{"start":{"line":23,"column":8},"end":{"line":23,"column":null}},"5":{"start":{"line":23,"column":20},"end":{"line":23,"column":null}},"6":{"start":{"line":25,"column":8},"end":{"line":28,"column":null}},"7":{"start":{"line":26,"column":12},"end":{"line":26,"column":null}},"8":{"start":{"line":27,"column":12},"end":{"line":27,"column":null}},"9":{"start":{"line":31,"column":8},"end":{"line":31,"column":null}},"10":{"start":{"line":32,"column":8},"end":{"line":32,"column":null}},"11":{"start":{"line":33,"column":8},"end":{"line":33,"column":null}},"12":{"start":{"line":40,"column":8},"end":{"line":48,"column":null}},"13":{"start":{"line":41,"column":12},"end":{"line":41,"column":null}},"14":{"start":{"line":42,"column":15},"end":{"line":48,"column":null}},"15":{"start":{"line":44,"column":30},"end":{"line":44,"column":null}},"16":{"start":{"line":45,"column":12},"end":{"line":47,"column":null}},"17":{"start":{"line":46,"column":16},"end":{"line":46,"column":null}},"18":{"start":{"line":50,"column":8},"end":{"line":53,"column":null}},"19":{"start":{"line":60,"column":22},"end":{"line":60,"column":null}},"20":{"start":{"line":61,"column":8},"end":{"line":61,"column":null}},"21":{"start":{"line":61,"column":20},"end":{"line":61,"column":null}},"22":{"start":{"line":63,"column":8},"end":{"line":66,"column":null}},"23":{"start":{"line":64,"column":12},"end":{"line":64,"column":null}},"24":{"start":{"line":65,"column":12},"end":{"line":65,"column":null}},"25":{"start":{"line":67,"column":8},"end":{"line":67,"column":null}},"26":{"start":{"line":74,"column":8},"end":{"line":74,"column":null}},"27":{"start":{"line":81,"column":8},"end":{"line":81,"column":null}},"28":{"start":{"line":88,"column":8},"end":{"line":88,"column":null}},"29":{"start":{"line":89,"column":8},"end":{"line":89,"column":null}},"30":{"start":{"line":93,"column":20},"end":{"line":93,"column":null}},"31":{"start":{"line":94,"column":8},"end":{"line":98,"column":null}},"32":{"start":{"line":95,"column":12},"end":{"line":97,"column":null}},"33":{"start":{"line":96,"column":16},"end":{"line":96,"column":null}}},"fnMap":{"0":{"name":"constructor","decl":{"start":{"line":13,"column":4},"end":{"line":13,"column":null}},"loc":{"start":{"line":16,"column":6},"end":{"line":16,"column":null}},"line":16},"1":{"name":"get","decl":{"start":{"line":21,"column":4},"end":{"line":21,"column":8}},"loc":{"start":{"line":21,"column":31},"end":{"line":34,"column":null}},"line":21},"2":{"name":"set","decl":{"start":{"line":39,"column":4},"end":{"line":39,"column":8}},"loc":{"start":{"line":39,"column":32},"end":{"line":54,"column":null}},"line":39},"3":{"name":"has","decl":{"start":{"line":59,"column":4},"end":{"line":59,"column":8}},"loc":{"start":{"line":59,"column":25},"end":{"line":68,"column":null}},"line":59},"4":{"name":"delete","decl":{"start":{"line":73,"column":4},"end":{"line":73,"column":11}},"loc":{"start":{"line":73,"column":28},"end":{"line":75,"column":null}},"line":73},"5":{"name":"clear","decl":{"start":{"line":80,"column":4},"end":{"line":80,"column":18}},"loc":{"start":{"line":80,"column":18},"end":{"line":82,"column":null}},"line":80},"6":{"name":"size","decl":{"start":{"line":87,"column":4},"end":{"line":87,"column":19}},"loc":{"start":{"line":87,"column":19},"end":{"line":90,"column":null}},"line":87},"7":{"name":"evictExpired","decl":{"start":{"line":92,"column":4},"end":{"line":92,"column":12}},"loc":{"start":{"line":92,"column":33},"end":{"line":99,"column":null}},"line":92}},"branchMap":{"0":{"loc":{"start":{"line":14,"column":8},"end":{"line":14,"column":null}},"type":"default-arg","locations":[{"start":{"line":14,"column":47},"end":{"line":14,"column":null}}],"line":14},"1":{"loc":{"start":{"line":15,"column":8},"end":{"line":15,"column":null}},"type":"default-arg","locations":[{"start":{"line":15,"column":41},"end":{"line":15,"column":null}}],"line":15},"2":{"loc":{"start":{"line":23,"column":8},"end":{"line":23,"column":null}},"type":"if","locations":[{"start":{"line":23,"column":8},"end":{"line":23,"column":null}},{"start":{},"end":{}}],"line":23},"3":{"loc":{"start":{"line":25,"column":8},"end":{"line":28,"column":null}},"type":"if","locations":[{"start":{"line":25,"column":8},"end":{"line":28,"column":null}},{"start":{},"end":{}}],"line":25},"4":{"loc":{"start":{"line":40,"column":8},"end":{"line":48,"column":null}},"type":"if","locations":[{"start":{"line":40,"column":8},"end":{"line":48,"column":null}},{"start":{"line":42,"column":15},"end":{"line":48,"column":null}}],"line":40},"5":{"loc":{"start":{"line":42,"column":15},"end":{"line":48,"column":null}},"type":"if","locations":[{"start":{"line":42,"column":15},"end":{"line":48,"column":null}},{"start":{},"end":{}}],"line":42},"6":{"loc":{"start":{"line":45,"column":12},"end":{"line":47,"column":null}},"type":"if","locations":[{"start":{"line":45,"column":12},"end":{"line":47,"column":null}},{"start":{},"end":{}}],"line":45},"7":{"loc":{"start":{"line":61,"column":8},"end":{"line":61,"column":null}},"type":"if","locations":[{"start":{"line":61,"column":8},"end":{"line":61,"column":null}},{"start":{},"end":{}}],"line":61},"8":{"loc":{"start":{"line":63,"column":8},"end":{"line":66,"column":null}},"type":"if","locations":[{"start":{"line":63,"column":8},"end":{"line":66,"column":null}},{"start":{},"end":{}}],"line":63},"9":{"loc":{"start":{"line":95,"column":12},"end":{"line":97,"column":null}},"type":"if","locations":[{"start":{"line":95,"column":12},"end":{"line":97,"column":null}},{"start":{},"end":{}}],"line":95}},"s":{"0":11,"1":11,"2":11,"3":17,"4":17,"5":6,"6":11,"7":1,"8":1,"9":10,"10":10,"11":10,"12":27,"13":1,"14":26,"15":3,"16":3,"17":3,"18":27,"19":8,"20":8,"21":6,"22":2,"23":1,"24":1,"25":1,"26":50,"27":1,"28":3,"29":3,"30":3,"31":3,"32":4,"33":2},"f":{"0":11,"1":17,"2":27,"3":8,"4":50,"5":1,"6":3,"7":3},"b":{"0":[11],"1":[11],"2":[6,11],"3":[1,10],"4":[1,26],"5":[3,23],"6":[3,0],"7":[6,2],"8":[1,1],"9":[2,2]},"meta":{"lastBranch":10,"lastFunction":8,"lastStatement":34,"seen":{"s:11:29:11:Infinity":0,"f:13:4:13:Infinity":0,"b:14:47:14:Infinity":0,"b:15:41:15:Infinity":1,"s:14:25:14:47":1,"s:15:25:15:41":2,"f:21:4:21:8":1,"s:22:22:22:Infinity":3,"b:23:8:23:Infinity:undefined:undefined:undefined:undefined":2,"s:23:8:23:Infinity":4,"s:23:20:23:Infinity":5,"b:25:8:28:Infinity:undefined:undefined:undefined:undefined":3,"s:25:8:28:Infinity":6,"s:26:12:26:Infinity":7,"s:27:12:27:Infinity":8,"s:31:8:31:Infinity":9,"s:32:8:32:Infinity":10,"s:33:8:33:Infinity":11,"f:39:4:39:8":2,"b:40:8:48:Infinity:42:15:48:Infinity":4,"s:40:8:48:Infinity":12,"s:41:12:41:Infinity":13,"b:42:15:48:Infinity:undefined:undefined:undefined:undefined":5,"s:42:15:48:Infinity":14,"s:44:30:44:Infinity":15,"b:45:12:47:Infinity:undefined:undefined:undefined:undefined":6,"s:45:12:47:Infinity":16,"s:46:16:46:Infinity":17,"s:50:8:53:Infinity":18,"f:59:4:59:8":3,"s:60:22:60:Infinity":19,"b:61:8:61:Infinity:undefined:undefined:undefined:undefined":7,"s:61:8:61:Infinity":20,"s:61:20:61:Infinity":21,"b:63:8:66:Infinity:undefined:undefined:undefined:undefined":8,"s:63:8:66:Infinity":22,"s:64:12:64:Infinity":23,"s:65:12:65:Infinity":24,"s:67:8:67:Infinity":25,"f:73:4:73:11":4,"s:74:8:74:Infinity":26,"f:80:4:80:18":5,"s:81:8:81:Infinity":27,"f:87:4:87:19":6,"s:88:8:88:Infinity":28,"s:89:8:89:Infinity":29,"f:92:4:92:12":7,"s:93:20:93:Infinity":30,"s:94:8:98:Infinity":31,"b:95:12:97:Infinity:undefined:undefined:undefined:undefined":9,"s:95:12:97:Infinity":32,"s:96:16:96:Infinity":33},"fnNames":{}}}
,"D:\\learning\\test\\cnma_approval\\srv\\lib\\utils\\error-handler.ts": {"path":"D:\\learning\\test\\cnma_approval\\srv\\lib\\utils\\error-handler.ts","statementMap":{"0":{"start":{"line":6,"column":8},"end":{"line":6,"column":null}},"1":{"start":{"line":7,"column":8},"end":{"line":7,"column":null}},"2":{"start":{"line":8,"column":8},"end":{"line":8,"column":null}},"3":{"start":{"line":9,"column":8},"end":{"line":9,"column":null}},"4":{"start":{"line":14,"column":4},"end":{"line":24,"column":null}},"5":{"start":{"line":16,"column":23},"end":{"line":16,"column":null}},"6":{"start":{"line":17,"column":21},"end":{"line":17,"column":null}},"7":{"start":{"line":18,"column":24},"end":{"line":18,"column":null}},"8":{"start":{"line":20,"column":8},"end":{"line":22,"column":null}},"9":{"start":{"line":21,"column":12},"end":{"line":21,"column":null}},"10":{"start":{"line":23,"column":8},"end":{"line":23,"column":null}},"11":{"start":{"line":26,"column":4},"end":{"line":29,"column":null}},"12":{"start":{"line":28,"column":8},"end":{"line":28,"column":null}},"13":{"start":{"line":31,"column":4},"end":{"line":31,"column":null}}},"fnMap":{"0":{"name":"constructor","decl":{"start":{"line":5,"column":4},"end":{"line":5,"column":16}},"loc":{"start":{"line":5,"column":76},"end":{"line":10,"column":null}},"line":5},"1":{"name":"handleSapError","decl":{"start":{"line":13,"column":16},"end":{"line":13,"column":31}},"loc":{"start":{"line":13,"column":53},"end":{"line":32,"column":null}},"line":13}},"branchMap":{"0":{"loc":{"start":{"line":5,"column":33},"end":{"line":5,"column":51}},"type":"default-arg","locations":[{"start":{"line":5,"column":46},"end":{"line":5,"column":51}}],"line":5},"1":{"loc":{"start":{"line":5,"column":51},"end":{"line":5,"column":76}},"type":"default-arg","locations":[{"start":{"line":5,"column":58},"end":{"line":5,"column":76}}],"line":5},"2":{"loc":{"start":{"line":14,"column":4},"end":{"line":24,"column":null}},"type":"if","locations":[{"start":{"line":14,"column":4},"end":{"line":24,"column":null}},{"start":{},"end":{}}],"line":14},"3":{"loc":{"start":{"line":18,"column":24},"end":{"line":18,"column":null}},"type":"binary-expr","locations":[{"start":{"line":18,"column":24},"end":{"line":18,"column":55}},{"start":{"line":18,"column":55},"end":{"line":18,"column":79}},{"start":{"line":18,"column":79},"end":{"line":18,"column":null}}],"line":18},"4":{"loc":{"start":{"line":20,"column":8},"end":{"line":22,"column":null}},"type":"if","locations":[{"start":{"line":20,"column":8},"end":{"line":22,"column":null}},{"start":{},"end":{}}],"line":20},"5":{"loc":{"start":{"line":20,"column":12},"end":{"line":20,"column":46}},"type":"binary-expr","locations":[{"start":{"line":20,"column":12},"end":{"line":20,"column":30}},{"start":{"line":20,"column":30},"end":{"line":20,"column":46}}],"line":20},"6":{"loc":{"start":{"line":26,"column":4},"end":{"line":29,"column":null}},"type":"if","locations":[{"start":{"line":26,"column":4},"end":{"line":29,"column":null}},{"start":{},"end":{}}],"line":26},"7":{"loc":{"start":{"line":31,"column":24},"end":{"line":31,"column":70}},"type":"binary-expr","locations":[{"start":{"line":31,"column":24},"end":{"line":31,"column":41}},{"start":{"line":31,"column":41},"end":{"line":31,"column":70}}],"line":31}},"s":{"0":7,"1":7,"2":7,"3":7,"4":5,"5":3,"6":3,"7":3,"8":3,"9":2,"10":1,"11":2,"12":1,"13":1},"f":{"0":7,"1":5},"b":{"0":[7],"1":[7],"2":[3,2],"3":[3,2,1],"4":[2,1],"5":[3,2],"6":[1,1],"7":[1,0]},"meta":{"lastBranch":8,"lastFunction":2,"lastStatement":14,"seen":{"f:5:4:5:16":0,"b:5:46:5:51":0,"b:5:58:5:76":1,"s:6:8:6:Infinity":0,"s:7:8:7:Infinity":1,"s:8:8:8:Infinity":2,"s:9:8:9:Infinity":3,"f:13:16:13:31":1,"b:14:4:24:Infinity:undefined:undefined:undefined:undefined":2,"s:14:4:24:Infinity":4,"s:16:23:16:Infinity":5,"s:17:21:17:Infinity":6,"s:18:24:18:Infinity":7,"b:18:24:18:55:18:55:18:79:18:79:18:Infinity":3,"b:20:8:22:Infinity:undefined:undefined:undefined:undefined":4,"s:20:8:22:Infinity":8,"b:20:12:20:30:20:30:20:46":5,"s:21:12:21:Infinity":9,"s:23:8:23:Infinity":10,"b:26:4:29:Infinity:undefined:undefined:undefined:undefined":6,"s:26:4:29:Infinity":11,"s:28:8:28:Infinity":12,"s:31:4:31:Infinity":13,"b:31:24:31:41:31:41:31:70":7},"fnNames":{}}}
,"D:\\learning\\test\\cnma_approval\\srv\\lib\\utils\\logger.ts": {"path":"D:\\learning\\test\\cnma_approval\\srv\\lib\\utils\\logger.ts","statementMap":{"0":{"start":{"line":7,"column":8},"end":{"line":7,"column":null}},"1":{"start":{"line":11,"column":8},"end":{"line":11,"column":null}},"2":{"start":{"line":15,"column":8},"end":{"line":15,"column":null}},"3":{"start":{"line":19,"column":8},"end":{"line":19,"column":null}},"4":{"start":{"line":23,"column":8},"end":{"line":23,"column":null}}},"fnMap":{"0":{"name":"constructor","decl":{"start":{"line":6,"column":4},"end":{"line":6,"column":16}},"loc":{"start":{"line":6,"column":31},"end":{"line":8,"column":null}},"line":6},"1":{"name":"info","decl":{"start":{"line":10,"column":4},"end":{"line":10,"column":9}},"loc":{"start":{"line":10,"column":42},"end":{"line":12,"column":null}},"line":10},"2":{"name":"warn","decl":{"start":{"line":14,"column":4},"end":{"line":14,"column":9}},"loc":{"start":{"line":14,"column":42},"end":{"line":16,"column":null}},"line":14},"3":{"name":"error","decl":{"start":{"line":18,"column":4},"end":{"line":18,"column":10}},"loc":{"start":{"line":18,"column":43},"end":{"line":20,"column":null}},"line":18},"4":{"name":"debug","decl":{"start":{"line":22,"column":4},"end":{"line":22,"column":10}},"loc":{"start":{"line":22,"column":43},"end":{"line":24,"column":null}},"line":22}},"branchMap":{},"s":{"0":6,"1":8,"2":0,"3":0,"4":0},"f":{"0":6,"1":8,"2":0,"3":0,"4":0},"b":{},"meta":{"lastBranch":0,"lastFunction":5,"lastStatement":5,"seen":{"f:6:4:6:16":0,"s:7:8:7:Infinity":0,"f:10:4:10:9":1,"s:11:8:11:Infinity":1,"f:14:4:14:9":2,"s:15:8:15:Infinity":2,"f:18:4:18:10":3,"s:19:8:19:Infinity":3,"f:22:4:22:10":4,"s:23:8:23:Infinity":4},"fnNames":{}}}
}
